[release/serial: 88/840726, z-version: .z3}


0 020229 Call (Floc 021618) [Con -32752,Con -1] Sp
1 021625 Call (Floc 021638) [Var (Local 1)] (Local 3)
2 021649 Add (Var (Global 132)) (Con 180) (Local 3)
3 021653 Add (Var (Global 132)) (Var (Global 130)) (Local 4)
4 021657 Je [Var (Local 4),Var (Local 3)] (Branch F (Dloc 021683))
5 021661 Sub (Var (Global 130)) (Con 6) (Global 130)
6 021665 Jz (Var (Local 2)) (Branch T (Dloc 021672))
7 021672 Add (Var (Global 132)) (Var (Global 130)) (Local 5)
8 021676 Storew (Var (Local 5)) (Con 2) (Var (Local 1))
9 021681 Ret (Var (Local 5))
10 021631 Storew (Var (Local 3)) (Con 1) (Var (Local 2))
11 021636 Ret (Var (Local 3))
12 020238 Storew (Var Sp) (Con 0) (Con 1)
13 020243 Call (Floc 021618) [Con -32644,Con -1] Sp
14 021625 Call (Floc 021638) [Var (Local 1)] (Local 3)
15 021649 Add (Var (Global 132)) (Con 180) (Local 3)
16 021653 Add (Var (Global 132)) (Var (Global 130)) (Local 4)
17 021657 Je [Var (Local 4),Var (Local 3)] (Branch F (Dloc 021683))
18 021683 Loadw (Var (Local 4)) (Con 2) Sp
19 021687 Je [Var Sp,Var (Local 1)] (Branch F (Dloc 021693))
20 021693 Add (Var (Local 4)) (Con 6) (Local 4)
21 021697 Jump 021657
22 021657 Je [Var (Local 4),Var (Local 3)] (Branch F (Dloc 021683))
23 021661 Sub (Var (Global 130)) (Con 6) (Global 130)
24 021665 Jz (Var (Local 2)) (Branch T (Dloc 021672))
25 021672 Add (Var (Global 132)) (Var (Global 130)) (Local 5)
26 021676 Storew (Var (Local 5)) (Con 2) (Var (Local 1))
27 021681 Ret (Var (Local 5))
28 021631 Storew (Var (Local 3)) (Con 1) (Var (Local 2))
29 021636 Ret (Var (Local 3))
30 020252 Call (Floc 021618) [Con -32528,Con -1] Sp
31 021625 Call (Floc 021638) [Var (Local 1)] (Local 3)
32 021649 Add (Var (Global 132)) (Con 180) (Local 3)
33 021653 Add (Var (Global 132)) (Var (Global 130)) (Local 4)
34 021657 Je [Var (Local 4),Var (Local 3)] (Branch F (Dloc 021683))
35 021683 Loadw (Var (Local 4)) (Con 2) Sp
36 021687 Je [Var Sp,Var (Local 1)] (Branch F (Dloc 021693))
37 021693 Add (Var (Local 4)) (Con 6) (Local 4)
38 021697 Jump 021657
39 021657 Je [Var (Local 4),Var (Local 3)] (Branch F (Dloc 021683))
40 021683 Loadw (Var (Local 4)) (Con 2) Sp
41 021687 Je [Var Sp,Var (Local 1)] (Branch F (Dloc 021693))
42 021693 Add (Var (Local 4)) (Con 6) (Local 4)
43 021697 Jump 021657
44 021657 Je [Var (Local 4),Var (Local 3)] (Branch F (Dloc 021683))
45 021661 Sub (Var (Global 130)) (Con 6) (Global 130)
46 021665 Jz (Var (Local 2)) (Branch T (Dloc 021672))
47 021672 Add (Var (Global 132)) (Var (Global 130)) (Local 5)
48 021676 Storew (Var (Local 5)) (Con 2) (Var (Local 1))
49 021681 Ret (Var (Local 5))
50 021631 Storew (Var (Local 3)) (Con 1) (Var (Local 2))
51 021636 Ret (Var (Local 3))
52 020261 Storew (Var Sp) (Con 0) (Con 1)
53 020266 Call (Floc 021618) [Con 28522,Con 40] Sp
54 021625 Call (Floc 021638) [Var (Local 1)] (Local 3)
55 021649 Add (Var (Global 132)) (Con 180) (Local 3)
56 021653 Add (Var (Global 132)) (Var (Global 130)) (Local 4)
57 021657 Je [Var (Local 4),Var (Local 3)] (Branch F (Dloc 021683))
58 021683 Loadw (Var (Local 4)) (Con 2) Sp
59 021687 Je [Var Sp,Var (Local 1)] (Branch F (Dloc 021693))
60 021693 Add (Var (Local 4)) (Con 6) (Local 4)
61 021697 Jump 021657
62 021657 Je [Var (Local 4),Var (Local 3)] (Branch F (Dloc 021683))
63 021683 Loadw (Var (Local 4)) (Con 2) Sp
64 021687 Je [Var Sp,Var (Local 1)] (Branch F (Dloc 021693))
65 021693 Add (Var (Local 4)) (Con 6) (Local 4)
66 021697 Jump 021657
67 021657 Je [Var (Local 4),Var (Local 3)] (Branch F (Dloc 021683))
68 021683 Loadw (Var (Local 4)) (Con 2) Sp
69 021687 Je [Var Sp,Var (Local 1)] (Branch F (Dloc 021693))
70 021693 Add (Var (Local 4)) (Con 6) (Local 4)
71 021697 Jump 021657
72 021657 Je [Var (Local 4),Var (Local 3)] (Branch F (Dloc 021683))
73 021661 Sub (Var (Global 130)) (Con 6) (Global 130)
74 021665 Jz (Var (Local 2)) (Branch T (Dloc 021672))
75 021672 Add (Var (Global 132)) (Var (Global 130)) (Local 5)
76 021676 Storew (Var (Local 5)) (Con 2) (Var (Local 1))
77 021681 Ret (Var (Local 5))
78 021631 Storew (Var (Local 3)) (Con 1) (Var (Local 2))
79 021636 Ret (Var (Local 3))
80 020274 Call (Floc 021618) [Con 28501,Con 200] Sp
81 021625 Call (Floc 021638) [Var (Local 1)] (Local 3)
82 021649 Add (Var (Global 132)) (Con 180) (Local 3)
83 021653 Add (Var (Global 132)) (Var (Global 130)) (Local 4)
84 021657 Je [Var (Local 4),Var (Local 3)] (Branch F (Dloc 021683))
85 021683 Loadw (Var (Local 4)) (Con 2) Sp
86 021687 Je [Var Sp,Var (Local 1)] (Branch F (Dloc 021693))
87 021693 Add (Var (Local 4)) (Con 6) (Local 4)
88 021697 Jump 021657
89 021657 Je [Var (Local 4),Var (Local 3)] (Branch F (Dloc 021683))
90 021683 Loadw (Var (Local 4)) (Con 2) Sp
91 021687 Je [Var Sp,Var (Local 1)] (Branch F (Dloc 021693))
92 021693 Add (Var (Local 4)) (Con 6) (Local 4)
93 021697 Jump 021657
94 021657 Je [Var (Local 4),Var (Local 3)] (Branch F (Dloc 021683))
95 021683 Loadw (Var (Local 4)) (Con 2) Sp
96 021687 Je [Var Sp,Var (Local 1)] (Branch F (Dloc 021693))
97 021693 Add (Var (Local 4)) (Con 6) (Local 4)
98 021697 Jump 021657
99 021657 Je [Var (Local 4),Var (Local 3)] (Branch F (Dloc 021683))
100 021683 Loadw (Var (Local 4)) (Con 2) Sp
101 021687 Je [Var Sp,Var (Local 1)] (Branch F (Dloc 021693))
102 021693 Add (Var (Local 4)) (Con 6) (Local 4)
103 021697 Jump 021657
104 021657 Je [Var (Local 4),Var (Local 3)] (Branch F (Dloc 021683))
105 021661 Sub (Var (Global 130)) (Con 6) (Global 130)
106 021665 Jz (Var (Local 2)) (Branch T (Dloc 021672))
107 021672 Add (Var (Global 132)) (Var (Global 130)) (Local 5)
108 021676 Storew (Var (Local 5)) (Con 2) (Var (Local 1))
109 021681 Ret (Var (Local 5))
110 021631 Storew (Var (Local 3)) (Con 1) (Var (Local 2))
111 021636 Ret (Var (Local 3))
112 020282 Put_prop (Con 156) (Con 6) (Con 4)
113 020287 Add (Var (Global 16)) (Con 2) Sp
114 020291 Storew (Var (Global 10)) (Con 1) (Var Sp)
115 020296 Add (Var (Global 16)) (Con 4) Sp
116 020300 Storew (Var (Global 10)) (Con 2) (Var Sp)
117 020305 Add (Var (Global 14)) (Con 2) Sp
118 020309 Storew (Var (Global 9)) (Con 2) (Var Sp)
119 020314 Add (Var (Global 14)) (Con 4) Sp
120 020318 Storew (Var (Global 9)) (Con 3) (Var Sp)
121 020323 Add (Var (Global 13)) (Con 2) Sp
122 020327 Storew (Var (Global 8)) (Con 1) (Var Sp)
123 020332 Add (Var (Global 12)) (Con 2) Sp
124 020336 Storew (Var (Global 8)) (Con 3) (Var Sp)
125 020341 Store (Con 16) (Con 180)
126 020344 Call (Floc 038192) [Con 160] Sp
127 038195 Store (Con 123) (Var (Local 1))
128 038198 Store (Con 122) (Var (Global 0))
129 038201 Ret (Var (Global 106))
130 020350 Test_attr (Var (Global 0)) (Con 3) (Branch T (Dloc 020360))
131 020354 Call (Floc 028384) [] Sp
132 028387 Print "ZORK I: The Great Underground Empire\nCopyright (c) 1981, 1982, 1983 Infocom, Inc. "
133 028456 Print "All rights reserved."
134 028473 New_line
135 028474 Loadb (Con 0) (Con 1) Sp
136 028478 And (Var Sp) (Con 8) Sp
137 028482 Jz (Var Sp) (Branch T (Dloc 028509))
138 028509 Print "ZORK is a registered trademark of Infocom, Inc.\nRevision "
139 028552 Loadw (Con 0) (Con 1) Sp
140 028556 And (Var Sp) (Con 2047) Sp
141 028562 Print_num (Var Sp)
142 028565 Print " / Serial number "
143 028580 Inc_chk (Con 1) (Con 23) (Branch F (Dloc 028587))
144 028587 Loadb (Con 0) (Var (Local 1)) Sp
145 028591 Print_char (Var Sp)
146 028594 Jump 028580
147 028580 Inc_chk (Con 1) (Con 23) (Branch F (Dloc 028587))
148 028587 Loadb (Con 0) (Var (Local 1)) Sp
149 028591 Print_char (Var Sp)
150 028594 Jump 028580
151 028580 Inc_chk (Con 1) (Con 23) (Branch F (Dloc 028587))
152 028587 Loadb (Con 0) (Var (Local 1)) Sp
153 028591 Print_char (Var Sp)
154 028594 Jump 028580
155 028580 Inc_chk (Con 1) (Con 23) (Branch F (Dloc 028587))
156 028587 Loadb (Con 0) (Var (Local 1)) Sp
157 028591 Print_char (Var Sp)
158 028594 Jump 028580
159 028580 Inc_chk (Con 1) (Con 23) (Branch F (Dloc 028587))
160 028587 Loadb (Con 0) (Var (Local 1)) Sp
161 028591 Print_char (Var Sp)
162 028594 Jump 028580
163 028580 Inc_chk (Con 1) (Con 23) (Branch F (Dloc 028587))
164 028587 Loadb (Con 0) (Var (Local 1)) Sp
165 028591 Print_char (Var Sp)
166 028594 Jump 028580
167 028580 Inc_chk (Con 1) (Con 23) (Branch F (Dloc 028587))
168 028584 Jump 028597
169 028597 New_line
170 028598 Rtrue
171 020359 New_line
172 020360 Store (Con 82) (Con 1)
173 020363 Store (Con 127) (Con 4)
174 020366 Store (Con 144) (Var (Global 111))
175 020369 Insert_obj (Var (Global 111)) (Var (Global 0))
176 020372 Call (Floc 032260) [] Sp
177 032261 Call (Floc 035994) [Con 1] Sp
178 036003 Jz (Var (Local 1)) (Branch T (Dloc 036012))
179 036006 Push (Var (Local 1))
180 036009 Jump 036015
181 036015 Pull (Con 2)
182 036018 Jz (Var (Global 66)) (Branch F (Dloc 036068))
183 036068 Test_attr (Var (Global 0)) (Con 3) (Branch T (Dloc 036078))
184 036072 Set_attr (Var (Global 0)) (Con 3)
185 036075 Store (Con 2) (Con 1)
186 036078 Test_attr (Var (Global 0)) (Con 5) (Branch F (Dloc 036085))
187 036085 Jin (Var (Global 0)) (Con 82) (Branch F (Dloc 036106))
188 036089 Print_obj (Var (Global 0))
189 036091 Get_parent (Var (Global 111)) (Local 4)
190 036094 Test_attr (Var (Local 4)) (Con 27) (Branch F (Dloc 036105))
191 036105 New_line
192 036106 Jz (Var (Local 1)) (Branch F (Dloc 036112))
193 036112 Get_parent (Var (Global 111)) (Local 4)
194 036115 Jz (Var (Local 2)) (Branch T (Dloc 036130))
195 036118 Get_prop (Var (Global 0)) (Con 17) Sp
196 036122 Call (Fvar Sp) [Con 3] Sp
197 038207 Je [Var (Local 1),Con 3] (Branch F Dfalse)
198 038211 Print "You are standing in an open field west of a white house, with a boarded front door."
199 038260 Jz (Var (Global 140)) (Branch T (Dloc 038290))
200 038290 New_line
201 038291 Rtrue
202 036127 Jz (Var Sp) (Branch F Dtrue)
203 032267 Jz (Var Sp) (Branch T Dfalse)
204 032270 Call (Floc 036174) [Con 1] Sp
205 036177 Jz (Var (Global 66)) (Branch T (Dloc 036209))
206 036180 Get_child (Var (Global 0)) Sp (Branch F Dfalse)
207 036184 Jz (Var (Local 1)) (Branch T (Dloc 036193))
208 036187 Push (Var (Local 1))
209 036190 Jump 036196
210 036196 Pull (Con 1)
211 036199 Call (Floc 036522) [Var (Global 0),Var (Local 1),Con -1] Sp
212 036543 Get_child (Var (Local 1)) (Local 4) (Branch F Dtrue)
213 036547 Get_parent (Var (Global 111)) (Local 7)
214 036550 Jz (Var (Local 7)) (Branch T (Dloc 036560))
215 036553 Test_attr (Var (Local 7)) (Con 27) (Branch F (Dloc 036560))
216 036560 Store (Con 7) (Con 0)
217 036563 Store (Con 5) (Con 1)
218 036566 Store (Con 6) (Con 1)
219 036569 Get_parent (Var (Local 1)) Sp
220 036572 Je [Var (Global 111),Var (Local 1),Var Sp] (Branch F (Dloc 036584))
221 036584 Jz (Var (Local 4)) (Branch F (Dloc 036590))
222 036590 Je [Var (Local 4),Var (Local 7)] (Branch F (Dloc 036600))
223 036600 Je [Var (Local 4),Var (Global 111)] (Branch F (Dloc 036607))
224 036604 Jump 036670
225 036670 Get_sibling (Var (Local 4)) (Local 4) (Branch T (Dloc 036674))
226 036674 Jump 036584
227 036584 Jz (Var (Local 4)) (Branch F (Dloc 036590))
228 036590 Je [Var (Local 4),Var (Local 7)] (Branch F (Dloc 036600))
229 036600 Je [Var (Local 4),Var (Global 111)] (Branch F (Dloc 036607))
230 036607 Test_attr (Var (Local 4)) (Con 7) (Branch T (Dloc 036670))
231 036612 Test_attr (Var (Local 4)) (Con 3) (Branch T (Dloc 036670))
232 036616 Get_prop (Var (Local 4)) (Con 14) (Local 8)
233 036620 Jz (Var (Local 8)) (Branch T (Dloc 036670))
234 036670 Get_sibling (Var (Local 4)) (Local 4) (Branch T (Dloc 036674))
235 036674 Jump 036584
236 036584 Jz (Var (Local 4)) (Branch F (Dloc 036590))
237 036590 Je [Var (Local 4),Var (Local 7)] (Branch F (Dloc 036600))
238 036600 Je [Var (Local 4),Var (Global 111)] (Branch F (Dloc 036607))
239 036607 Test_attr (Var (Local 4)) (Con 7) (Branch T (Dloc 036670))
240 036612 Test_attr (Var (Local 4)) (Con 3) (Branch T (Dloc 036670))
241 036616 Get_prop (Var (Local 4)) (Con 14) (Local 8)
242 036620 Jz (Var (Local 8)) (Branch T (Dloc 036670))
243 036670 Get_sibling (Var (Local 4)) (Local 4) (Branch T (Dloc 036674))
244 036674 Jump 036584
245 036584 Jz (Var (Local 4)) (Branch F (Dloc 036590))
246 036587 Jump 036677
247 036677 Get_child (Var (Local 1)) (Local 4) (Branch T (Dloc 036681))
248 036681 Jz (Var (Local 4)) (Branch F (Dloc 036710))
249 036710 Je [Var (Local 4),Var (Local 7),Con 4] (Branch F (Dloc 036719))
250 036716 Jump 036809
251 036809 Get_sibling (Var (Local 4)) (Local 4) (Branch T (Dloc 036813))
252 036813 Jump 036681
253 036681 Jz (Var (Local 4)) (Branch F (Dloc 036710))
254 036710 Je [Var (Local 4),Var (Local 7),Con 4] (Branch F (Dloc 036719))
255 036719 Test_attr (Var (Local 4)) (Con 7) (Branch T (Dloc 036809))
256 036724 Jz (Var (Local 10)) (Branch F (Dloc 036739))
257 036727 Test_attr (Var (Local 4)) (Con 3) (Branch T (Dloc 036739))
258 036731 Get_prop (Var (Local 4)) (Con 14) Sp
259 036735 Jz (Var Sp) (Branch F (Dloc 036809))
260 036739 Test_attr (Var (Local 4)) (Con 14) (Branch T (Dloc 036786))
261 036786 Get_child (Var (Local 4)) Sp (Branch F (Dloc 036809))
262 036809 Get_sibling (Var (Local 4)) (Local 4) (Branch T (Dloc 036813))
263 036813 Jump 036681
264 036681 Jz (Var (Local 4)) (Branch F (Dloc 036710))
265 036710 Je [Var (Local 4),Var (Local 7),Con 4] (Branch F (Dloc 036719))
266 036719 Test_attr (Var (Local 4)) (Con 7) (Branch T (Dloc 036809))
267 036724 Jz (Var (Local 10)) (Branch F (Dloc 036739))
268 036727 Test_attr (Var (Local 4)) (Con 3) (Branch T (Dloc 036739))
269 036731 Get_prop (Var (Local 4)) (Con 14) Sp
270 036735 Jz (Var Sp) (Branch F (Dloc 036809))
271 036739 Test_attr (Var (Local 4)) (Con 14) (Branch T (Dloc 036786))
272 036743 Jz (Var (Local 5)) (Branch T (Dloc 036768))
273 036746 Call (Floc 036824) [Var (Local 1),Var (Local 3)] Sp
274 036829 Je [Var (Local 1),Con 194] (Branch F (Dloc 036860))
275 036860 Je [Var (Local 1),Var (Global 111)] (Branch F (Dloc 036875))
276 036875 Jin (Var (Local 1)) (Con 82) (Branch T Dfalse)
277 036753 Jz (Var Sp) (Branch T (Dloc 036763))
278 036763 Inc (Con 3)
279 036765 Store (Con 5) (Con 0)
280 036768 Jl (Var (Local 3)) (Con 0) (Branch F (Dloc 036775))
281 036775 Call (Floc 036242) [Var (Local 4),Var (Local 2),Var (Local 3)] Sp
282 036253 Store (Con 80) (Var (Local 1))
283 036256 Jz (Var (Local 3)) (Branch F (Dloc 036271))
284 036259 Get_prop (Var (Local 1)) (Con 9) Sp
285 036263 Call (Fvar Sp) [Con 5] Sp
286 036268 Jz (Var Sp) (Branch F Dtrue)
287 036271 Jz (Var (Local 3)) (Branch F (Dloc 036297))
288 036274 Test_attr (Var (Local 1)) (Con 3) (Branch T (Dloc 036285))
289 036278 Get_prop (Var (Local 1)) (Con 14) (Local 4)
290 036282 Jz (Var (Local 4)) (Branch F (Dloc 036292))
291 036285 Get_prop (Var (Local 1)) (Con 11) (Local 4)
292 036289 Jz (Var (Local 4)) (Branch T (Dloc 036297))
293 036297 Jz (Var (Local 3)) (Branch F (Dloc 036335))
294 036300 Print "There is a "
295 036305 Print_obj (Var (Local 1))
296 036307 Print " here"
297 036310 Test_attr (Var (Local 1)) (Con 20) (Branch F (Dloc 036329))
298 036329 Print "."
299 036332 Jump 036383
300 036383 Call (Floc 020688) [] Sp
301 020693 Rfalse
302 036388 Jz (Var (Local 3)) (Branch F (Dloc 036417))
303 036391 Get_parent (Var (Global 111)) (Local 5)
304 036394 Jz (Var (Local 5)) (Branch T (Dloc 036417))
305 036397 Test_attr (Var (Local 5)) (Con 27) (Branch F (Dloc 036417))
306 036417 New_line
307 036418 Call (Floc 036946) [Var (Local 1)] Sp
308 036949 Test_attr (Var (Local 1)) (Con 7) (Branch T Dfalse)
309 036953 Test_attr (Var (Local 1)) (Con 12) (Branch T Dtrue)
310 036957 Test_attr (Var (Local 1)) (Con 11) (Branch T Dtrue)
311 036961 Rfalse
312 036424 Jz (Var Sp) (Branch T Dfalse)
313 036783 Jump 036809
314 036809 Get_sibling (Var (Local 4)) (Local 4) (Branch T (Dloc 036813))
315 036813 Jump 036681
316 036681 Jz (Var (Local 4)) (Branch F (Dloc 036710))
317 036684 Jz (Var (Local 9)) (Branch T (Dloc 036816))
318 036816 Jz (Var (Local 5)) (Branch T Dtrue)
319 036208 Ret_popped
320 032276 Ret_popped
321 020377 Call (Floc 021802) [] Sp
322 021823 Store (Con 4) (Con 0)
323 021826 Store (Con 5) (Con 0)
324 021829 Store (Con 8) (Con 1)
325 021832 Call (Floc 022656) [] (Global 127)
326 022679 Inc_chk (Con 11) (Con 9) (Branch F (Dloc 022686))
327 022686 Storew (Var (Global 100)) (Var (Local 11)) (Con 0)
328 022691 Jump 022679
329 022679 Inc_chk (Con 11) (Con 9) (Branch F (Dloc 022686))
330 022686 Storew (Var (Global 100)) (Var (Local 11)) (Con 0)
331 022691 Jump 022679
332 022679 Inc_chk (Con 11) (Con 9) (Branch F (Dloc 022686))
333 022686 Storew (Var (Global 100)) (Var (Local 11)) (Con 0)
334 022691 Jump 022679
335 022679 Inc_chk (Con 11) (Con 9) (Branch F (Dloc 022686))
336 022686 Storew (Var (Global 100)) (Var (Local 11)) (Con 0)
337 022691 Jump 022679
338 022679 Inc_chk (Con 11) (Con 9) (Branch F (Dloc 022686))
339 022686 Storew (Var (Global 100)) (Var (Local 11)) (Con 0)
340 022691 Jump 022679
341 022679 Inc_chk (Con 11) (Con 9) (Branch F (Dloc 022686))
342 022686 Storew (Var (Global 100)) (Var (Local 11)) (Con 0)
343 022691 Jump 022679
344 022679 Inc_chk (Con 11) (Con 9) (Branch F (Dloc 022686))
345 022686 Storew (Var (Global 100)) (Var (Local 11)) (Con 0)
346 022691 Jump 022679
347 022679 Inc_chk (Con 11) (Con 9) (Branch F (Dloc 022686))
348 022686 Storew (Var (Global 100)) (Var (Local 11)) (Con 0)
349 022691 Jump 022679
350 022679 Inc_chk (Con 11) (Con 9) (Branch F (Dloc 022686))
351 022686 Storew (Var (Global 100)) (Var (Local 11)) (Con 0)
352 022691 Jump 022679
353 022679 Inc_chk (Con 11) (Con 9) (Branch F (Dloc 022686))
354 022686 Storew (Var (Global 100)) (Var (Local 11)) (Con 0)
355 022691 Jump 022679
356 022679 Inc_chk (Con 11) (Con 9) (Branch F (Dloc 022686))
357 022683 Jump 022694
358 022694 Store (Con 104) (Con 0)
359 022697 Store (Con 120) (Con 0)
360 022700 Storew (Var (Global 86)) (Var (Global 81)) (Con 0)
361 022705 Storew (Var (Global 85)) (Var (Global 81)) (Con 0)
362 022710 Storew (Var (Global 84)) (Var (Global 81)) (Con 0)
363 022715 Jz (Var (Global 96)) (Branch F (Dloc 022741))
364 022718 Je [Var (Global 111),Var (Global 128)] (Branch T (Dloc 022741))
365 022741 Jz (Var (Global 108)) (Branch T (Dloc 022765))
366 022765 Store (Con 127) (Var (Global 128))
367 022768 Store (Con 112) (Con 0)
368 022771 Get_parent (Var (Global 111)) Sp
369 022774 Test_attr (Var Sp) (Con 27) (Branch T (Dloc 022781))
370 022778 Get_parent (Var (Global 111)) (Global 0)
371 022781 Call (Floc 027746) [Var (Global 0)] (Global 66)
372 027755 Jz (Var (Global 72)) (Branch T (Dloc 027762))
373 027762 Store (Con 107) (Con 20)
374 027765 Store (Con 3) (Var (Global 0))
375 027768 Store (Con 16) (Var (Local 1))
376 027771 Jz (Var (Local 2)) (Branch T (Dloc 027784))
377 027774 Test_attr (Var (Local 1)) (Con 20) (Branch F (Dloc 027784))
378 027778 Store (Con 4) (Con 1)
379 027781 Jump 027844
380 027844 Store (Con 16) (Var (Local 3))
381 027847 Store (Con 107) (Con 0)
382 027850 Ret (Var (Local 4))
383 022787 Jz (Var (Global 70)) (Branch F (Dloc 022791))
384 022790 New_line
385 022791 Print ">"
386 022796 Sread (Var (Global 109)) (Var (Global 110))

[executed: 387 instructions]
ZORK I: The Great Underground Empire
Copyright (c) 1981, 1982, 1983 Infocom, Inc. All rights reserved.
ZORK is a registered trademark of Infocom, Inc.
Revision 88 / Serial number 840726

West of House
You are standing in an open field west of a white house, with a boarded front door.
There is a small mailbox here.

>[1]open mailbox


387 022800 Loadb (Var (Global 110)) (Con 1) (Global 113)
388 022804 Jz (Var (Global 113)) (Branch F (Dloc 022822))
389 022822 Store (Con 5) (Var (Global 113))
390 022825 Store (Con 128) (Con 0)
391 022828 Store (Con 113) (Con 0)
392 022831 Store (Con 96) (Con 0)
393 022834 Dec_chk (Con 129) (Con 0) (Branch F (Dloc 022844))
394 022844 Loadw (Var (Global 110)) (Var (Local 1)) (Local 2)
395 022848 Jz (Var (Local 2)) (Branch F (Dloc 022861))
396 022861 Je [Var (Local 2),Con 19456] (Branch F (Dloc 022879))
397 022879 Je [Var (Local 2),Con 19393] (Branch F (Dloc 022906))
398 022906 Je [Var (Local 2),Con 19393,Con 15151] (Branch T (Dloc 022920))
399 022914 Je [Var (Local 2),Con 15165] (Branch F (Dloc 022953))
400 022953 Call (Floc 023466) [Var (Local 2),Con 16,Con 3] (Local 3)
401 023477 Loadb (Var (Local 1)) (Con 4) (Local 5)
402 023481 Test (Var (Local 5)) (Var (Local 2)) (Branch F Dfalse)
403 022961 Jz (Var (Local 3)) (Branch T (Dloc 023064))
404 023064 Call (Floc 023466) [Var (Local 2),Con 64,Con 1] (Local 3)
405 023477 Loadb (Var (Local 1)) (Con 4) (Local 5)
406 023481 Test (Var (Local 5)) (Var (Local 2)) (Branch F Dfalse)
407 023485 Jg (Var (Local 3)) (Con 4) (Branch T Dtrue)
408 023489 And (Var (Local 5)) (Con 3) (Local 5)
409 023493 Je [Var (Local 5),Var (Local 3)] (Branch T (Dloc 023499))
410 023499 Loadb (Var (Local 1)) (Var (Local 4)) Sp
411 023503 Ret_popped
412 023072 Jz (Var (Local 3)) (Branch T (Dloc 023129))
413 023075 Jz (Var (Local 4)) (Branch F (Dloc 023129))
414 023078 Store (Con 4) (Var (Local 3))
415 023081 Storew (Var (Global 100)) (Con 0) (Var (Local 3))
416 023086 Storew (Var (Global 100)) (Con 1) (Var (Global 98))
417 023091 Storew (Var (Global 98)) (Con 0) (Var (Local 2))
418 023096 Mul (Var (Local 1)) (Con 2) Sp
419 023100 Add (Var Sp) (Con 2) (Local 9)
420 023104 Loadb (Var (Global 110)) (Var (Local 9)) Sp
421 023108 Storeb (Var (Global 98)) (Con 2) (Var Sp)
422 023113 Add (Var (Local 9)) (Con 1) Sp
423 023117 Loadb (Var (Global 110)) (Var Sp) Sp
424 023121 Storeb (Var (Global 98)) (Con 3) (Var Sp)
425 023126 Jump 023397
426 023397 Store (Con 8) (Var (Local 2))
427 023400 Add (Var (Local 1)) (Con 2) (Local 1)
428 023404 Jump 022834
429 022834 Dec_chk (Con 129) (Con 0) (Branch F (Dloc 022844))
430 022844 Loadw (Var (Global 110)) (Var (Local 1)) (Local 2)
431 022848 Jz (Var (Local 2)) (Branch F (Dloc 022861))
432 022861 Je [Var (Local 2),Con 19456] (Branch F (Dloc 022879))
433 022879 Je [Var (Local 2),Con 19393] (Branch F (Dloc 022906))
434 022906 Je [Var (Local 2),Con 19393,Con 15151] (Branch T (Dloc 022920))
435 022914 Je [Var (Local 2),Con 15165] (Branch F (Dloc 022953))
436 022953 Call (Floc 023466) [Var (Local 2),Con 16,Con 3] (Local 3)
437 023477 Loadb (Var (Local 1)) (Con 4) (Local 5)
438 023481 Test (Var (Local 5)) (Var (Local 2)) (Branch F Dfalse)
439 022961 Jz (Var (Local 3)) (Branch T (Dloc 023064))
440 023064 Call (Floc 023466) [Var (Local 2),Con 64,Con 1] (Local 3)
441 023477 Loadb (Var (Local 1)) (Con 4) (Local 5)
442 023481 Test (Var (Local 5)) (Var (Local 2)) (Branch F Dfalse)
443 023072 Jz (Var (Local 3)) (Branch T (Dloc 023129))
444 023129 Call (Floc 023466) [Var (Local 2),Con 8,Con 0] (Local 3)
445 023477 Loadb (Var (Local 1)) (Con 4) (Local 5)
446 023481 Test (Var (Local 5)) (Var (Local 2)) (Branch F Dfalse)
447 023137 Jz (Var (Local 3)) (Branch F (Dloc 023172))
448 023140 Je [Var (Local 2),Con 15228,Con 18042] (Branch T (Dloc 023169))
449 023148 Call (Floc 023466) [Var (Local 2),Con 32] Sp
450 023477 Loadb (Var (Local 1)) (Con 4) (Local 5)
451 023481 Test (Var (Local 5)) (Var (Local 2)) (Branch F Dfalse)
452 023155 Jz (Var Sp) (Branch F (Dloc 023169))
453 023158 Call (Floc 023466) [Var (Local 2),Con 128] Sp
454 023477 Loadb (Var (Local 1)) (Con 4) (Local 5)
455 023481 Test (Var (Local 5)) (Var (Local 2)) (Branch F Dfalse)
456 023485 Jg (Var (Local 3)) (Con 4) (Branch T Dtrue)
457 023165 Jz (Var Sp) (Branch T (Dloc 023301))
458 023169 Store (Con 3) (Con 0)
459 023172 Jg (Var (Global 113)) (Con 0) (Branch F (Dloc 023206))
460 023206 Jz (Var (Local 3)) (Branch T (Dloc 023246))
461 023246 Je [Var (Global 97),Con 2] (Branch F (Dloc 023277))
462 023277 Inc (Con 113)
463 023279 Call (Floc 023504) [Var (Local 1),Var (Local 3),Var (Local 2)] (Local 1)
464 023525 Sub (Var (Global 97)) (Con 1) Sp
465 023529 Mul (Var Sp) (Con 2) (Local 4)
466 023533 Jz (Var (Local 2)) (Branch T (Dloc 023561))
467 023561 Inc (Con 129)
468 023563 Jz (Var (Global 113)) (Branch F (Dloc 023571))
469 023571 Add (Con 6) (Var (Local 4)) (Local 5)
470 023575 Mul (Var (Local 1)) (Con 2) Sp
471 023579 Add (Var (Global 110)) (Var Sp) Sp
472 023583 Storew (Var (Global 100)) (Var (Local 5)) (Var Sp)
473 023588 Loadw (Var (Global 110)) (Var (Local 1)) Sp
474 023592 Je [Var Sp,Con 19379,Con 15172,Con 15242] (Branch F (Dloc 023615))
475 023615 Dec_chk (Con 129) (Con 0) (Branch F (Dloc 023639))
476 023639 Loadw (Var (Global 110)) (Var (Local 1)) (Local 3)
477 023643 Jz (Var (Local 3)) (Branch F (Dloc 023656))
478 023656 Jz (Var (Global 113)) (Branch F (Dloc 023665))
479 023659 Store (Con 8) (Con 0)
480 023662 Jump 023673
481 023673 Je [Var (Local 3),Con 15256,Con 15158] (Branch F (Dloc 023687))
482 023687 Je [Var (Local 3),Con 15228,Con 18042] (Branch F (Dloc 023711))
483 023711 Je [Var (Local 3),Con 19393,Con 15151] (Branch T (Dloc 023739))
484 023719 Call (Floc 023466) [Var (Local 3),Con 8] Sp
485 023477 Loadb (Var (Local 1)) (Con 4) (Local 5)
486 023481 Test (Var (Local 5)) (Var (Local 2)) (Branch F Dfalse)
487 023726 Jz (Var Sp) (Branch T (Dloc 023764))
488 023764 Call (Floc 023466) [Var (Local 3),Con 128] Sp
489 023477 Loadb (Var (Local 1)) (Con 4) (Local 5)
490 023481 Test (Var (Local 5)) (Var (Local 2)) (Branch F Dfalse)
491 023485 Jg (Var (Local 3)) (Con 4) (Branch T Dtrue)
492 023771 Jz (Var Sp) (Branch T (Dloc 023871))
493 023775 Jg (Var (Global 113)) (Con 0) (Branch F (Dloc 023796))
494 023796 Call (Floc 023466) [Var (Local 3),Con 32,Con 2] Sp
495 023477 Loadb (Var (Local 1)) (Con 4) (Local 5)
496 023481 Test (Var (Local 5)) (Var (Local 2)) (Branch F Dfalse)
497 023804 Jz (Var Sp) (Branch T (Dloc 023823))
498 023823 Jz (Var (Local 6)) (Branch F (Dloc 023865))
499 023826 Je [Var (Local 8),Con 15767,Con 16481] (Branch T (Dloc 023865))
500 023834 Je [Var (Local 8),Con 15256,Con 15158] (Branch T (Dloc 023865))
501 023842 Add (Var (Local 5)) (Con 1) (Local 10)
502 023846 Add (Var (Local 1)) (Con 2) Sp
503 023850 Mul (Var Sp) (Con 2) Sp
504 023854 Add (Var (Global 110)) (Var Sp) Sp
505 023858 Storew (Var (Global 100)) (Var (Local 10)) (Var Sp)
506 023863 Ret (Var (Local 1))
507 023287 Jz (Var (Local 1)) (Branch T Dfalse)
508 023290 Jl (Var (Local 1)) (Con 0) (Branch F (Dloc 023397))
509 023397 Store (Con 8) (Var (Local 2))
510 023400 Add (Var (Local 1)) (Con 2) (Local 1)
511 023404 Jump 022834
512 022834 Dec_chk (Con 129) (Con 0) (Branch F (Dloc 022844))
513 022838 Store (Con 112) (Con 0)
514 022841 Jump 023407
515 023407 Jz (Var (Local 6)) (Branch T (Dloc 023421))
516 023421 Store (Con 111) (Con 0)
517 023424 Jz (Var (Global 105)) (Branch T (Dloc 023432))
518 023432 Call (Floc 024736) [] Sp
519 024759 Loadw (Var (Global 100)) (Con 0) (Local 8)
520 024763 Jz (Var (Local 8)) (Branch F (Dloc 024789))
521 024789 Sub (Con 255) (Var (Local 8)) Sp
522 024793 Loadw (Var (Global 157)) (Var Sp) (Local 1)
523 024797 Loadb (Var (Local 1)) (Con 0) (Local 2)
524 024801 Add (Con 1) (Var (Local 1)) (Local 1)
525 024805 Loadb (Var (Local 1)) (Con 0) Sp
526 024809 And (Var Sp) (Con 3) (Local 3)
527 024813 Jg (Var (Global 97)) (Var (Local 3)) (Branch F (Dloc 024820))
528 024820 Jl (Var (Local 3)) (Con 1) (Branch T (Dloc 024848))
529 024824 Jz (Var (Global 97)) (Branch F (Dloc 024848))
530 024848 Loadb (Var (Local 1)) (Con 1) (Local 11)
531 024852 Loadw (Var (Global 100)) (Con 2) Sp
532 024856 Je [Var (Local 11),Var Sp] (Branch F (Dloc 024893))
533 024860 Je [Var (Local 3),Con 2] (Branch F (Dloc 024874))
534 024864 Je [Var (Global 97),Con 1] (Branch F (Dloc 024874))
535 024868 Store (Con 6) (Var (Local 1))
536 024871 Jump 024893
537 024893 Dec_chk (Con 2) (Con 1) (Branch F (Dloc 024935))
538 024935 Add (Var (Local 1)) (Con 8) (Local 1)
539 024939 Jump 024805
540 024805 Loadb (Var (Local 1)) (Con 0) Sp
541 024809 And (Var Sp) (Con 3) (Local 3)
542 024813 Jg (Var (Global 97)) (Var (Local 3)) (Branch F (Dloc 024820))
543 024820 Jl (Var (Local 3)) (Con 1) (Branch T (Dloc 024848))
544 024824 Jz (Var (Global 97)) (Branch F (Dloc 024848))
545 024848 Loadb (Var (Local 1)) (Con 1) (Local 11)
546 024852 Loadw (Var (Global 100)) (Con 2) Sp
547 024856 Je [Var (Local 11),Var Sp] (Branch F (Dloc 024893))
548 024893 Dec_chk (Con 2) (Con 1) (Branch F (Dloc 024935))
549 024935 Add (Var (Local 1)) (Con 8) (Local 1)
550 024939 Jump 024805
551 024805 Loadb (Var (Local 1)) (Con 0) Sp
552 024809 And (Var Sp) (Con 3) (Local 3)
553 024813 Jg (Var (Global 97)) (Var (Local 3)) (Branch F (Dloc 024820))
554 024820 Jl (Var (Local 3)) (Con 1) (Branch T (Dloc 024848))
555 024824 Jz (Var (Global 97)) (Branch F (Dloc 024848))
556 024848 Loadb (Var (Local 1)) (Con 1) (Local 11)
557 024852 Loadw (Var (Global 100)) (Con 2) Sp
558 024856 Je [Var (Local 11),Var Sp] (Branch F (Dloc 024893))
559 024860 Je [Var (Local 3),Con 2] (Branch F (Dloc 024874))
560 024874 Loadb (Var (Local 1)) (Con 2) (Local 11)
561 024878 Loadw (Var (Global 100)) (Con 4) Sp
562 024882 Je [Var (Local 11),Var Sp] (Branch F (Dloc 024893))
563 024886 Call (Floc 025674) [Var (Local 1)] Sp
564 025677 Store (Con 131) (Var (Local 1))
565 025680 Loadb (Var (Local 1)) (Con 7) (Global 120)
566 025684 Ret (Var (Global 120))
567 024892 Rtrue
568 023437 Jz (Var Sp) (Branch T Dfalse)
569 023440 Call (Floc 025802) [] Sp
570 025805 Loadw (Var (Global 100)) (Con 6) (Local 1)
571 025809 Jz (Var (Local 1)) (Branch T (Dloc 025844))
572 025812 Loadb (Var (Global 115)) (Con 5) (Global 92)
573 025816 Loadw (Var (Global 100)) (Con 7) Sp
574 025820 Call (Floc 025978) [Var (Local 1),Var Sp,Var (Global 86)] Sp
575 025995 Store (Con 96) (Con 0)
576 025998 Store (Con 95) (Var (Local 1))
577 026001 Store (Con 94) (Var (Local 2))
578 026004 Store (Con 93) (Con 0)
579 026007 Storew (Var (Global 84)) (Var (Global 81)) (Con 0)
580 026012 Storew (Var (Local 3)) (Var (Global 81)) (Con 0)
581 026017 Loadw (Var (Local 1)) (Con 0) (Local 7)
582 026021 Je [Var (Local 1),Var (Local 2)] (Branch F (Dloc 026045))
583 026045 Loadw (Var (Local 1)) (Con 2) (Local 8)
584 026049 Je [Var (Local 7),Con 15228] (Branch F (Dloc 026072))
585 026072 Je [Var (Local 7),Con 15767,Con 16481] (Branch F (Dloc 026112))
586 026112 Je [Var (Local 7),Con 15172,Con 18042] (Branch F (Dloc 026170))
587 026170 Je [Var (Local 7),Con 15256,Con 15158] (Branch F (Dloc 026212))
588 026212 Call (Floc 023466) [Var (Local 7),Con 4] Sp
589 023477 Loadb (Var (Local 1)) (Con 4) (Local 5)
590 023481 Test (Var (Local 5)) (Var (Local 2)) (Branch F Dfalse)
591 026219 Jz (Var Sp) (Branch T (Dloc 026225))
592 026225 Je [Var (Local 7),Con 15256,Con 15158] (Branch F (Dloc 026236))
593 026236 Je [Var (Local 7),Con 18000] (Branch F (Dloc 026251))
594 026251 Call (Floc 023466) [Var (Local 7),Con 32,Con 2] (Local 6)
595 023477 Loadb (Var (Local 1)) (Con 4) (Local 5)
596 023481 Test (Var (Local 5)) (Var (Local 2)) (Branch F Dfalse)
597 026259 Jz (Var (Local 6)) (Branch T (Dloc 026274))
598 026274 Call (Floc 023466) [Var (Local 7),Con 128,Con 0] Sp
599 023477 Loadb (Var (Local 1)) (Con 4) (Local 5)
600 023481 Test (Var (Local 5)) (Var (Local 2)) (Branch F Dfalse)
601 023485 Jg (Var (Local 3)) (Con 4) (Branch T Dtrue)
602 023489 And (Var (Local 5)) (Con 3) (Local 5)
603 023493 Je [Var (Local 5),Var (Local 3)] (Branch T (Dloc 023499))
604 023499 Loadb (Var (Local 1)) (Var (Local 4)) Sp
605 023503 Ret_popped
606 026282 Jz (Var Sp) (Branch T (Dloc 026291))
607 026285 Store (Con 106) (Var (Local 7))
608 026288 Store (Con 132) (Var (Local 7))
609 026291 Je [Var (Local 1),Var (Local 2)] (Branch T (Dloc 026021))
610 026296 Add (Var (Local 1)) (Con 4) (Local 1)
611 026300 Store (Con 7) (Var (Local 8))
612 026303 Jump 026021
613 026021 Je [Var (Local 1),Var (Local 2)] (Branch F (Dloc 026045))
614 026025 Jz (Var (Local 4)) (Branch T (Dloc 026034))
615 026034 Push (Var (Local 3))
616 026037 Call (Floc 026306) [Var Sp] Sp
617 026325 Store (Con 5) (Var (Global 92))
618 026328 Loadw (Var (Local 1)) (Var (Global 81)) (Local 6)
619 026332 Test (Var (Global 80)) (Con 4) (Branch T Dtrue)
620 026336 Jz (Var (Global 90)) (Branch F (Dloc 026359))
621 026359 Jz (Var (Global 90)) (Branch F (Dloc 026404))
622 026404 Je [Var (Global 80),Con 1] (Branch F (Dloc 026411))
623 026411 Store (Con 108) (Con -1)
624 026416 Store (Con 133) (Var (Local 1))
625 026419 Jz (Var (Local 7)) (Branch T (Dloc 026431))
626 026431 Jz (Var (Global 66)) (Branch T (Dloc 026448))
627 026434 Clear_attr (Var (Global 128)) (Con 12)
628 026437 Call (Floc 027166) [Var (Global 0),Con 16,Con 32] Sp
629 027175 Add (Var (Local 2)) (Var (Local 3)) Sp
630 027179 Test (Var (Global 92)) (Var Sp) (Branch F (Dloc 027192))
631 027183 Call (Floc 027218) [Var (Local 1),Var (Global 117),Con 1] Sp
632 027229 Get_child (Var (Local 1)) (Local 1) (Branch F Dfalse)
633 027233 Je [Var (Local 3),Con 2] (Branch T (Dloc 027261))
634 027237 Get_prop_addr (Var (Local 1)) (Con 18) Sp
635 027241 Jz (Var Sp) (Branch T (Dloc 027261))
636 027244 Call (Floc 027932) [Var (Local 1),Var (Local 2)] Sp
637 027941 Test_attr (Var (Local 1)) (Con 7) (Branch T Dfalse)
638 027251 Jz (Var Sp) (Branch T (Dloc 027261))
639 027261 Je [Var (Local 3),Con 0] (Branch F (Dloc 027273))
640 027273 Get_child (Var (Local 1)) (Local 5) (Branch F (Dloc 027316))
641 027316 Get_sibling (Var (Local 1)) (Local 1) (Branch T (Dloc 027233))
642 027233 Je [Var (Local 3),Con 2] (Branch T (Dloc 027261))
643 027237 Get_prop_addr (Var (Local 1)) (Con 18) Sp
644 027241 Jz (Var Sp) (Branch T (Dloc 027261))
645 027244 Call (Floc 027932) [Var (Local 1),Var (Local 2)] Sp
646 027941 Test_attr (Var (Local 1)) (Con 7) (Branch T Dfalse)
647 027945 Jz (Var (Global 90)) (Branch T (Dloc 027974))
648 027948 Get_prop_addr (Var (Local 1)) (Con 18) (Local 3)
649 027952 Get_prop_len (Var (Local 3)) Sp
650 027955 Div (Var Sp) (Con 2) Sp
651 027959 Sub (Var Sp) (Con 1) Sp
652 027963 Call (Floc 027682) [Var (Global 90),Var (Local 3),Var Sp] Sp
653 027691 Jz (Var (Local 2)) (Branch T Dfalse)
654 027694 Jl (Var (Local 3)) (Con 0) (Branch T (Dloc 027704))
655 027698 Store (Con 4) (Con 0)
656 027701 Jump 027708
657 027708 Loadw (Var (Local 2)) (Var (Local 4)) Sp
658 027712 Je [Var (Local 1),Var Sp] (Branch T Dtrue)
659 027716 Inc_chk (Con 4) (Var (Local 3)) (Branch F (Dloc 027708))
660 027721 Rfalse
661 027971 Jz (Var Sp) (Branch T Dfalse)
662 027251 Jz (Var Sp) (Branch T (Dloc 027261))
663 027261 Je [Var (Local 3),Con 0] (Branch F (Dloc 027273))
664 027273 Get_child (Var (Local 1)) (Local 5) (Branch F (Dloc 027316))
665 027316 Get_sibling (Var (Local 1)) (Local 1) (Branch T (Dloc 027233))
666 027233 Je [Var (Local 3),Con 2] (Branch T (Dloc 027261))
667 027237 Get_prop_addr (Var (Local 1)) (Con 18) Sp
668 027241 Jz (Var Sp) (Branch T (Dloc 027261))
669 027244 Call (Floc 027932) [Var (Local 1),Var (Local 2)] Sp
670 027941 Test_attr (Var (Local 1)) (Con 7) (Branch T Dfalse)
671 027945 Jz (Var (Global 90)) (Branch T (Dloc 027974))
672 027948 Get_prop_addr (Var (Local 1)) (Con 18) (Local 3)
673 027952 Get_prop_len (Var (Local 3)) Sp
674 027955 Div (Var Sp) (Con 2) Sp
675 027959 Sub (Var Sp) (Con 1) Sp
676 027963 Call (Floc 027682) [Var (Global 90),Var (Local 3),Var Sp] Sp
677 027691 Jz (Var (Local 2)) (Branch T Dfalse)
678 027694 Jl (Var (Local 3)) (Con 0) (Branch T (Dloc 027704))
679 027698 Store (Con 4) (Con 0)
680 027701 Jump 027708
681 027708 Loadw (Var (Local 2)) (Var (Local 4)) Sp
682 027712 Je [Var (Local 1),Var Sp] (Branch T Dtrue)
683 027971 Jz (Var Sp) (Branch T Dfalse)
684 027974 Jz (Var (Global 89)) (Branch T (Dloc 028002))
685 028002 Jz (Var (Global 91)) (Branch T Dtrue)
686 027251 Jz (Var Sp) (Branch T (Dloc 027261))
687 027254 Call (Floc 027322) [Var (Local 1),Var (Local 2)] Sp
688 027329 Loadw (Var (Local 2)) (Var (Global 81)) (Local 3)
689 027333 Add (Var (Local 3)) (Con 1) Sp
690 027337 Storew (Var (Local 2)) (Var Sp) (Var (Local 1))
691 027342 Add (Var (Local 3)) (Con 1) Sp
692 027346 Storew (Var (Local 2)) (Var (Global 81)) (Var Sp)
693 027351 Rtrue
694 027261 Je [Var (Local 3),Con 0] (Branch F (Dloc 027273))
695 027273 Get_child (Var (Local 1)) (Local 5) (Branch F (Dloc 027316))
696 027277 Test_attr (Var (Local 1)) (Con 11) (Branch T (Dloc 027285))
697 027281 Test_attr (Var (Local 1)) (Con 12) (Branch F (Dloc 027316))
698 027316 Get_sibling (Var (Local 1)) (Local 1) (Branch T (Dloc 027233))
699 027321 Rtrue
700 027191 Ret_popped
701 026445 Set_attr (Var (Global 128)) (Con 12)
702 026448 Call (Floc 027166) [Var (Global 128),Con 128,Con 64] Sp
703 027175 Add (Var (Local 2)) (Var (Local 3)) Sp
704 027179 Test (Var (Global 92)) (Var Sp) (Branch F (Dloc 027192))
705 027183 Call (Floc 027218) [Var (Local 1),Var (Global 117),Con 1] Sp
706 027229 Get_child (Var (Local 1)) (Local 1) (Branch F Dfalse)
707 027191 Ret_popped
708 026456 Loadw (Var (Local 1)) (Var (Global 81)) Sp
709 026460 Sub (Var Sp) (Var (Local 6)) (Local 4)
710 026464 Test (Var (Global 80)) (Con 1) (Branch F (Dloc 026471))
711 026471 Test (Var (Global 80)) (Con 2) (Branch F (Dloc 026524))
712 026524 Jg (Var (Local 4)) (Con 1) (Branch T (Dloc 026539))
713 026528 Jz (Var (Local 4)) (Branch F (Dloc 026670))
714 026670 Jz (Var (Local 4)) (Branch F (Dloc 026729))
715 026729 Jz (Var (Local 4)) (Branch F (Dloc 026738))
716 026738 Store (Con 108) (Var (Local 5))
717 026741 Store (Con 106) (Con 0)
718 026744 Store (Con 105) (Con 0)
719 026747 Rtrue
720 026043 Ret (Var Sp)
721 025828 Jz (Var Sp) (Branch T Dfalse)
722 025831 Loadw (Var (Global 84)) (Var (Global 81)) Sp
723 025835 Jz (Var Sp) (Branch T (Dloc 025844))
724 025844 Loadw (Var (Global 100)) (Con 8) (Local 1)
725 025848 Jz (Var (Local 1)) (Branch T Dtrue)
726 023445 Jz (Var Sp) (Branch T Dfalse)
727 023448 Call (Floc 027544) [] Sp
728 027551 Loadw (Var (Global 86)) (Var (Global 81)) Sp
729 027555 Jg (Var Sp) (Con 1) (Branch F (Dloc 027573))
730 027573 Loadw (Var (Global 85)) (Var (Global 81)) Sp
731 027577 Jg (Var Sp) (Con 1) (Branch F (Dloc 027592))
732 027592 Jz (Var (Local 1)) (Branch T Dtrue)
733 023453 Jz (Var Sp) (Branch T Dfalse)
734 023456 Call (Floc 027352) [] Sp
735 027353 Loadb (Var (Global 115)) (Con 5) Sp
736 027357 Call (Floc 027380) [Var (Global 86),Var Sp] Sp
737 027391 Loadw (Var (Local 1)) (Var (Global 81)) (Local 3)
738 027395 Jz (Var (Local 3)) (Branch T Dtrue)
739 027398 Test (Var (Local 2)) (Con 2) (Branch T (Dloc 027406))
740 027402 Test (Var (Local 2)) (Con 8) (Branch F Dtrue)
741 027364 Jz (Var Sp) (Branch T Dfalse)
742 027367 Loadb (Var (Global 115)) (Con 6) Sp
743 027371 Call (Floc 027380) [Var (Global 85),Var Sp] Sp
744 027391 Loadw (Var (Local 1)) (Var (Global 81)) (Local 3)
745 027395 Jz (Var (Local 3)) (Branch T Dtrue)
746 027378 Ret_popped
747 023461 Jz (Var Sp) (Branch T Dfalse)
748 023464 Rtrue
749 021837 Jz (Var (Global 127)) (Branch T (Dloc 022347))
750 021841 Loadw (Var (Global 85)) (Var (Global 81)) (Local 1)
751 021845 Loadw (Var (Global 86)) (Var (Global 81)) (Local 2)
752 021849 Jz (Var (Local 2)) (Branch F (Dloc 021858))
753 021858 Jg (Var (Local 2)) (Con 1) (Branch F (Dloc 021884))
754 021884 Jg (Var (Local 1)) (Con 1) (Branch F (Dloc 021904))
755 021904 Push (Con 1)
756 021907 Store (Con 3) (Var Sp)
757 021910 Jz (Var (Local 5)) (Branch F (Dloc 021921))
758 021913 Je [Var (Local 1),Con 1] (Branch F (Dloc 021921))
759 021921 Je [Var (Global 120),Con 137] (Branch F (Dloc 021935))
760 021935 Jz (Var (Local 3)) (Branch F (Dloc 022016))
761 022016 Store (Con 138) (Con 0)
762 022019 Store (Con 139) (Con 0)
763 022022 Jg (Var (Local 3)) (Con 1) (Branch F (Dloc 022029))
764 022029 Store (Con 10) (Con 0)
765 022032 Inc_chk (Con 4) (Var (Local 3)) (Branch F (Dloc 022126))
766 022126 Jz (Var (Local 8)) (Branch T (Dloc 022136))
767 022129 Loadw (Var (Global 86)) (Var (Local 4)) (Local 9)
768 022133 Jump 022140
769 022140 Jz (Var (Local 8)) (Branch T (Dloc 022149))
770 022143 Push (Var (Local 9))
771 022146 Jump 022152
772 022152 Store (Con 134) (Var Sp)
773 022155 Jz (Var (Local 8)) (Branch T (Dloc 022164))
774 022158 Push (Var (Local 5))
775 022161 Jump 022167
776 022167 Store (Con 135) (Var Sp)
777 022170 Jg (Var (Local 3)) (Con 1) (Branch T (Dloc 022189))
778 022174 Loadw (Var (Global 100)) (Con 6) Sp
779 022178 Loadw (Var Sp) (Con 0) Sp
780 022182 Je [Var Sp,Con 15228] (Branch F (Dloc 022276))
781 022276 Store (Con 10) (Con 1)
782 022279 Call (Floc 022396) [Var (Global 120),Var (Global 118),Var (Global 119)] (Local 7)
783 022411 Store (Con 5) (Var (Global 120))
784 022414 Store (Con 6) (Var (Global 118))
785 022417 Store (Con 7) (Var (Global 119))
786 022420 Je [Con 12,Var (Local 3),Var (Local 2)] (Branch F (Dloc 022456))
787 022456 Je [Var (Local 2),Con 12] (Branch F (Dloc 022463))
788 022463 Je [Var (Local 3),Con 12] (Branch F (Dloc 022470))
789 022470 Store (Con 136) (Var (Local 1))
790 022473 Store (Con 134) (Var (Local 2))
791 022476 Jz (Var (Global 118)) (Branch T (Dloc 022493))
792 022479 Je [Var (Global 119),Con 12] (Branch T (Dloc 022493))
793 022483 Je [Var (Global 120),Con 137] (Branch T (Dloc 022493))
794 022487 Store (Con 123) (Var (Global 118))
795 022490 Store (Con 122) (Var (Global 0))
796 022493 Store (Con 135) (Var (Local 3))
797 022496 Je [Con 11,Var (Global 118),Var (Global 119)] (Branch F (Dloc 022513))
798 022513 Store (Con 2) (Var (Global 118))
799 022516 Store (Con 3) (Var (Global 119))
800 022519 Get_prop (Var (Global 111)) (Con 17) Sp
801 022523 Call (Fvar Sp) [] (Local 4)
802 022527 Jz (Var (Local 4)) (Branch T (Dloc 022533))
803 022533 Get_parent (Var (Global 111)) Sp
804 022536 Get_prop (Var Sp) (Con 17) Sp
805 022540 Call (Fvar Sp) [Con 1] (Local 4)
806 038207 Je [Var (Local 1),Con 3] (Branch F Dfalse)
807 022545 Jz (Var (Local 4)) (Branch T (Dloc 022551))
808 022551 Loadw (Var (Global 156)) (Var (Local 1)) Sp
809 022555 Call (Fvar Sp) [] (Local 4)
810 022559 Jz (Var (Local 4)) (Branch T (Dloc 022565))
811 022565 Jz (Var (Local 3)) (Branch T (Dloc 022582))
812 022582 Jz (Var (Local 2)) (Branch T (Dloc 022612))
813 022585 Je [Var (Local 1),Con 137] (Branch T (Dloc 022612))
814 022589 Get_parent (Var (Local 2)) Sp
815 022592 Jz (Var Sp) (Branch T (Dloc 022612))
816 022595 Get_parent (Var (Local 2)) Sp
817 022598 Get_prop (Var Sp) (Con 2) Sp
818 022602 Call (Fvar Sp) [] (Local 4)
819 022606 Jz (Var (Local 4)) (Branch T (Dloc 022612))
820 022612 Jz (Var (Local 2)) (Branch T (Dloc 022633))
821 022615 Je [Var (Local 1),Con 137] (Branch T (Dloc 022633))
822 022619 Get_prop (Var (Local 2)) (Con 17) Sp
823 022623 Call (Fvar Sp) [] (Local 4)
824 056617 Je [Var (Global 120),Con 93] (Branch F Dfalse)
825 022627 Jz (Var (Local 4)) (Branch T (Dloc 022633))
826 022633 Loadw (Var (Global 155)) (Var (Local 1)) Sp
827 022637 Call (Fvar Sp) [] (Local 4)
828 032905 Test_attr (Var (Global 118)) (Con 19) (Branch F (Dloc 033015))
829 032910 Get_prop (Var (Global 118)) (Con 10) Sp
830 032914 Jz (Var Sp) (Branch T (Dloc 033015))
831 032918 Test_attr (Var (Global 118)) (Con 11) (Branch F (Dloc 032931))
832 032931 Set_attr (Var (Global 118)) (Con 11)
833 032934 Set_attr (Var (Global 118)) (Con 3)
834 032937 Get_child (Var (Global 118)) Sp (Branch F (Dloc 032945))
835 032941 Test_attr (Var (Global 118)) (Con 12) (Branch F (Dloc 032952))
836 032952 Get_child (Var (Global 118)) (Local 1) (Branch F (Dloc 032988))
837 032956 Get_sibling (Var (Local 1)) Sp (Branch T (Dloc 032988))
838 032960 Test_attr (Var (Local 1)) (Con 3) (Branch T (Dloc 032988))
839 032964 Get_prop (Var (Local 1)) (Con 14) (Local 2)
840 032968 Jz (Var (Local 2)) (Branch T (Dloc 032988))
841 032988 Print "Opening the "
842 032997 Print_obj (Var (Global 118))
843 032999 Print " reveals "
844 033006 Call (Floc 036440) [Var (Global 118)] Sp
845 036453 Get_child (Var (Local 1)) (Local 2) (Branch F Dfalse)
846 036457 Get_sibling (Var (Local 2)) (Local 3) (Branch T (Dloc 036461))
847 036461 Jz (Var (Local 4)) (Branch T (Dloc 036470))
848 036464 Store (Con 4) (Con 0)
849 036467 Jump 036479
850 036479 Print "a "
851 036482 Print_obj (Var (Local 2))
852 036484 Jz (Var (Local 5)) (Branch F (Dloc 036496))
853 036487 Jz (Var (Local 6)) (Branch F (Dloc 036496))
854 036490 Store (Con 5) (Var (Local 2))
855 036493 Jump 036502
856 036502 Store (Con 2) (Var (Local 3))
857 036505 Jz (Var (Local 2)) (Branch F (Dloc 036457))
858 036509 Jz (Var (Local 5)) (Branch T Dtrue)
859 036512 Jz (Var (Local 6)) (Branch F Dtrue)
860 036515 Call (Floc 038192) [Var (Local 5)] Sp
861 038195 Store (Con 123) (Var (Local 1))
862 038198 Store (Con 122) (Var (Global 0))
863 038201 Ret (Var (Global 106))
864 036521 Rtrue
865 033012 Print_ret "."
866 022641 Jz (Var (Local 4)) (Branch T (Dloc 022644))
867 022644 Store (Con 136) (Var (Local 5))
868 022647 Store (Con 134) (Var (Local 6))
869 022650 Store (Con 135) (Var (Local 7))
870 022653 Ret (Var (Local 4))
871 022287 Je [Var (Local 7),Con 2] (Branch F (Dloc 022032))
872 022032 Inc_chk (Con 4) (Var (Local 3)) (Branch F (Dloc 022126))
873 022037 Jg (Var (Global 122)) (Con 0) (Branch F (Dloc 022101))
874 022101 Jz (Var (Local 10)) (Branch F (Dloc 022295))
875 022295 Je [Var (Local 7),Con 2] (Branch T (Dloc 022311))
876 022299 Get_parent (Var (Global 111)) Sp
877 022302 Get_prop (Var Sp) (Con 17) Sp
878 022306 Call (Fvar Sp) [Con 6] (Local 7)
879 038207 Je [Var (Local 1),Con 3] (Branch F Dfalse)
880 022311 Je [Var (Global 120),Con 8,Con 137,Con 15] (Branch T (Dloc 022337))
881 022318 Je [Var (Global 120),Con 12,Con 9,Con 7] (Branch F (Dloc 022328))
882 022328 Store (Con 142) (Var (Global 120))
883 022331 Store (Con 141) (Var (Global 118))
884 022334 Store (Con 140) (Var (Global 119))
885 022337 Je [Var (Local 7),Con 2] (Branch F (Dloc 022350))
886 022350 Jz (Var (Global 127)) (Branch T (Dloc 021823))
887 022354 Je [Var (Global 120),Con 2,Con 1,Con 111] (Branch T (Dloc 021823))
888 022362 Je [Var (Global 120),Con 12,Con 8,Con 0] (Branch T (Dloc 021823))
889 022370 Je [Var (Global 120),Con 9,Con 6,Con 5] (Branch T (Dloc 021823))
890 022378 Je [Var (Global 120),Con 7,Con 11,Con 10] (Branch F (Dloc 022388))
891 022388 Call (Floc 021700) [] (Local 7)
892 021709 Jz (Var (Global 129)) (Branch T (Dloc 021716))
893 021716 Jz (Var (Global 127)) (Branch T (Dloc 021725))
894 021719 Push (Var (Global 130))
895 021722 Jump 021728
896 021728 Add (Var (Global 132)) (Var Sp) (Local 1)
897 021732 Add (Var (Global 132)) (Con 180) (Local 2)
898 021736 Je [Var (Local 1),Var (Local 2)] (Branch F (Dloc 021751))
899 021751 Loadw (Var (Local 1)) (Con 0) Sp
900 021755 Jz (Var Sp) (Branch T (Dloc 021795))
901 021795 Add (Var (Local 1)) (Con 6) (Local 1)
902 021799 Jump 021736
903 021736 Je [Var (Local 1),Var (Local 2)] (Branch F (Dloc 021751))
904 021751 Loadw (Var (Local 1)) (Con 0) Sp
905 021755 Jz (Var Sp) (Branch T (Dloc 021795))
906 021795 Add (Var (Local 1)) (Con 6) (Local 1)
907 021799 Jump 021736
908 021736 Je [Var (Local 1),Var (Local 2)] (Branch F (Dloc 021751))
909 021751 Loadw (Var (Local 1)) (Con 0) Sp
910 021755 Jz (Var Sp) (Branch T (Dloc 021795))
911 021758 Loadw (Var (Local 1)) (Con 1) (Local 3)
912 021762 Jz (Var (Local 3)) (Branch F (Dloc 021768))
913 021768 Sub (Var (Local 3)) (Con 1) Sp
914 021772 Storew (Var (Local 1)) (Con 1) (Var Sp)
915 021777 Jg (Var (Local 3)) (Con 1) (Branch T (Dloc 021795))
916 021781 Loadw (Var (Local 1)) (Con 2) Sp
917 021785 Call (Fvar Sp) [] Sp
918 066027 Get_parent (Con 114) (Local 1)
919 066030 Test_attr (Con 114) (Con 7) (Branch T (Dloc 066040))
920 066040 Push (Con 0)
921 066043 Store (Con 3) (Var Sp)
922 066046 Jz (Var (Local 3)) (Branch T (Dloc 066052))
923 066052 Je [Var (Local 1),Con 190] (Branch F (Dloc 066080))
924 066080 Je [Var (Local 1),Var (Global 0)] (Branch F (Dloc 066112))
925 066112 Jin (Con 114) (Var (Local 1)) (Branch F (Dloc 066126))
926 066116 Test_attr (Con 114) (Con 7) (Branch T (Dloc 066126))
927 066126 Test_attr (Var (Local 1)) (Con 3) (Branch F (Dloc 066164))
928 066164 Jz (Var (Local 4)) (Branch F (Dloc 066173))
929 066167 Push (Con 1)
930 066170 Jump 066176
931 066176 Store (Con 4) (Var Sp)
932 066179 Jz (Var (Local 4)) (Branch T (Dloc 066229))
933 066182 Jz (Var (Local 3)) (Branch F (Dloc 066229))
934 066185 Call (Floc 066364) [] Sp
935 066365 Get_parent (Con 114) Sp
936 066368 Jin (Con 113) (Var Sp) (Branch F Dfalse)
937 066190 Jz (Var (Local 1)) (Branch T (Dloc 066200))
938 066193 Get_sibling (Var (Local 1)) (Local 1) (Branch F (Dloc 066200))
939 066197 Jump 066204
940 066204 Test_attr (Var (Local 1)) (Con 9) (Branch T (Dloc 066190))
941 066209 Test_attr (Var (Local 1)) (Con 6) (Branch F (Dloc 066190))
942 066214 Insert_obj (Con 114) (Var (Local 1))
943 066217 Clear_attr (Con 114) (Con 2)
944 066220 Set_attr (Con 114) (Con 7)
945 066223 Store (Con 47) (Con 0)
946 066226 Jump 066030
947 066030 Test_attr (Con 114) (Con 7) (Branch T (Dloc 066040))
948 066040 Push (Con 0)
949 066043 Store (Con 3) (Var Sp)
950 066046 Jz (Var (Local 3)) (Branch T (Dloc 066052))
951 066052 Je [Var (Local 1),Con 190] (Branch F (Dloc 066080))
952 066080 Je [Var (Local 1),Var (Global 0)] (Branch F (Dloc 066112))
953 066112 Jin (Con 114) (Var (Local 1)) (Branch F (Dloc 066126))
954 066116 Test_attr (Con 114) (Con 7) (Branch T (Dloc 066126))
955 066126 Test_attr (Var (Local 1)) (Con 3) (Branch F (Dloc 066164))
956 066164 Jz (Var (Local 4)) (Branch F (Dloc 066173))
957 066173 Push (Con 0)
958 066176 Store (Con 4) (Var Sp)
959 066179 Jz (Var (Local 4)) (Branch T (Dloc 066229))
960 066229 Je [Var (Local 1),Con 190] (Branch T (Dloc 066241))
961 066233 Call (Floc 066244) [Var (Local 1)] Sp
962 066253 Get_child (Con 114) (Local 2) (Branch T (Dloc 066257))
963 066257 Jz (Var (Local 2)) (Branch F (Dloc 066262))
964 066262 Get_sibling (Var (Local 2)) (Local 3) (Branch T (Dloc 066266))
965 066266 Je [Var (Local 2),Con 113,Con 115] (Branch F (Dloc 066275))
966 066272 Jump 066357
967 066357 Store (Con 2) (Var (Local 3))
968 066360 Jump 066257
969 066257 Jz (Var (Local 2)) (Branch F (Dloc 066262))
970 066262 Get_sibling (Var (Local 2)) (Local 3) (Branch T (Dloc 066266))
971 066266 Je [Var (Local 2),Con 113,Con 115] (Branch F (Dloc 066275))
972 066272 Jump 066357
973 066357 Store (Con 2) (Var (Local 3))
974 066360 Jump 066257
975 066257 Jz (Var (Local 2)) (Branch F (Dloc 066262))
976 066260 Ret (Var (Local 4))
977 066239 Ret (Var (Local 5))
978 021789 Jz (Var Sp) (Branch T (Dloc 021795))
979 021795 Add (Var (Local 1)) (Con 6) (Local 1)
980 021799 Jump 021736
981 021736 Je [Var (Local 1),Var (Local 2)] (Branch F (Dloc 021751))
982 021751 Loadw (Var (Local 1)) (Con 0) Sp
983 021755 Jz (Var Sp) (Branch T (Dloc 021795))
984 021795 Add (Var (Local 1)) (Con 6) (Local 1)
985 021799 Jump 021736
986 021736 Je [Var (Local 1),Var (Local 2)] (Branch F (Dloc 021751))
987 021751 Loadw (Var (Local 1)) (Con 0) Sp
988 021755 Jz (Var Sp) (Branch T (Dloc 021795))
989 021758 Loadw (Var (Local 1)) (Con 1) (Local 3)
990 021762 Jz (Var (Local 3)) (Branch F (Dloc 021768))
991 021768 Sub (Var (Local 3)) (Con 1) Sp
992 021772 Storew (Var (Local 1)) (Con 1) (Var Sp)
993 021777 Jg (Var (Local 3)) (Con 1) (Branch T (Dloc 021795))
994 021781 Loadw (Var (Local 1)) (Con 2) Sp
995 021785 Call (Fvar Sp) [] Sp
996 065581 Loadw (Var (Global 3)) (Con 0) (Local 2)
997 065585 Jz (Var (Global 62)) (Branch F Dfalse)
998 065588 Store (Con 3) (Con 0)
999 065591 Inc (Con 3)
1000 065593 Je [Var (Local 3),Var (Local 2)] (Branch F (Dloc 065600))
1001 065600 Loadw (Var (Global 3)) (Var (Local 3)) (Local 4)
1002 065604 Loadw (Var (Local 4)) (Con 0) (Local 5)
1003 065608 Jin (Var (Local 5)) (Var (Global 0)) (Branch F (Dloc 065703))
1004 065703 Test_attr (Var (Local 5)) (Con 2) (Branch F (Dloc 065716))
1005 065716 Je [Var (Local 5),Con 114] (Branch F (Dloc 065723))
1006 065723 Clear_attr (Var (Global 111)) (Con 1)
1007 065726 Clear_attr (Var (Local 5)) (Con 1)
1008 065729 Clear_attr (Var (Local 5)) (Con 2)
1009 065732 Call (Floc 065752) [Var (Local 5)] Sp
1010 065757 Get_prop (Var (Local 1)) (Con 7) (Local 2)
1011 065761 Jl (Var (Local 2)) (Con 0) (Branch F Dtrue)
1012 065738 Jump 065591
1013 065591 Inc (Con 3)
1014 065593 Je [Var (Local 3),Var (Local 2)] (Branch F (Dloc 065600))
1015 065600 Loadw (Var (Global 3)) (Var (Local 3)) (Local 4)
1016 065604 Loadw (Var (Local 4)) (Con 0) (Local 5)
1017 065608 Jin (Var (Local 5)) (Var (Global 0)) (Branch F (Dloc 065703))
1018 065703 Test_attr (Var (Local 5)) (Con 2) (Branch F (Dloc 065716))
1019 065716 Je [Var (Local 5),Con 114] (Branch F (Dloc 065723))
1020 065720 Store (Con 46) (Con 0)
1021 065723 Clear_attr (Var (Global 111)) (Con 1)
1022 065726 Clear_attr (Var (Local 5)) (Con 1)
1023 065729 Clear_attr (Var (Local 5)) (Con 2)
1024 065732 Call (Floc 065752) [Var (Local 5)] Sp
1025 065757 Get_prop (Var (Local 1)) (Con 7) (Local 2)
1026 065761 Jl (Var (Local 2)) (Con 0) (Branch F Dtrue)
1027 065738 Jump 065591
1028 065591 Inc (Con 3)
1029 065593 Je [Var (Local 3),Var (Local 2)] (Branch F (Dloc 065600))
1030 065597 Jump 065741
1031 065741 Jz (Var (Local 1)) (Branch T Dfalse)
1032 021789 Jz (Var Sp) (Branch T (Dloc 021795))
1033 021795 Add (Var (Local 1)) (Con 6) (Local 1)
1034 021799 Jump 021736
1035 021736 Je [Var (Local 1),Var (Local 2)] (Branch F (Dloc 021751))
1036 021740 Inc_chk (Con 18) (Con 999) (Branch F (Dloc 021749))
1037 021749 Ret (Var (Local 4))
1038 022393 Jump 021823
1039 021823 Store (Con 4) (Con 0)
1040 021826 Store (Con 5) (Con 0)
1041 021829 Store (Con 8) (Con 1)
1042 021832 Call (Floc 022656) [] (Global 127)
1043 022679 Inc_chk (Con 11) (Con 9) (Branch F (Dloc 022686))
1044 022686 Storew (Var (Global 100)) (Var (Local 11)) (Con 0)
1045 022691 Jump 022679
1046 022679 Inc_chk (Con 11) (Con 9) (Branch F (Dloc 022686))
1047 022686 Storew (Var (Global 100)) (Var (Local 11)) (Con 0)
1048 022691 Jump 022679
1049 022679 Inc_chk (Con 11) (Con 9) (Branch F (Dloc 022686))
1050 022686 Storew (Var (Global 100)) (Var (Local 11)) (Con 0)
1051 022691 Jump 022679
1052 022679 Inc_chk (Con 11) (Con 9) (Branch F (Dloc 022686))
1053 022686 Storew (Var (Global 100)) (Var (Local 11)) (Con 0)
1054 022691 Jump 022679
1055 022679 Inc_chk (Con 11) (Con 9) (Branch F (Dloc 022686))
1056 022686 Storew (Var (Global 100)) (Var (Local 11)) (Con 0)
1057 022691 Jump 022679
1058 022679 Inc_chk (Con 11) (Con 9) (Branch F (Dloc 022686))
1059 022686 Storew (Var (Global 100)) (Var (Local 11)) (Con 0)
1060 022691 Jump 022679
1061 022679 Inc_chk (Con 11) (Con 9) (Branch F (Dloc 022686))
1062 022686 Storew (Var (Global 100)) (Var (Local 11)) (Con 0)
1063 022691 Jump 022679
1064 022679 Inc_chk (Con 11) (Con 9) (Branch F (Dloc 022686))
1065 022686 Storew (Var (Global 100)) (Var (Local 11)) (Con 0)
1066 022691 Jump 022679
1067 022679 Inc_chk (Con 11) (Con 9) (Branch F (Dloc 022686))
1068 022686 Storew (Var (Global 100)) (Var (Local 11)) (Con 0)
1069 022691 Jump 022679
1070 022679 Inc_chk (Con 11) (Con 9) (Branch F (Dloc 022686))
1071 022686 Storew (Var (Global 100)) (Var (Local 11)) (Con 0)
1072 022691 Jump 022679
1073 022679 Inc_chk (Con 11) (Con 9) (Branch F (Dloc 022686))
1074 022683 Jump 022694
1075 022694 Store (Con 104) (Con 0)
1076 022697 Store (Con 120) (Con 0)
1077 022700 Storew (Var (Global 86)) (Var (Global 81)) (Con 0)
1078 022705 Storew (Var (Global 85)) (Var (Global 81)) (Con 0)
1079 022710 Storew (Var (Global 84)) (Var (Global 81)) (Con 0)
1080 022715 Jz (Var (Global 96)) (Branch F (Dloc 022741))
1081 022718 Je [Var (Global 111),Var (Global 128)] (Branch T (Dloc 022741))
1082 022741 Jz (Var (Global 108)) (Branch T (Dloc 022765))
1083 022765 Store (Con 127) (Var (Global 128))
1084 022768 Store (Con 112) (Con 0)
1085 022771 Get_parent (Var (Global 111)) Sp
1086 022774 Test_attr (Var Sp) (Con 27) (Branch T (Dloc 022781))
1087 022778 Get_parent (Var (Global 111)) (Global 0)
1088 022781 Call (Floc 027746) [Var (Global 0)] (Global 66)
1089 027755 Jz (Var (Global 72)) (Branch T (Dloc 027762))
1090 027762 Store (Con 107) (Con 20)
1091 027765 Store (Con 3) (Var (Global 0))
1092 027768 Store (Con 16) (Var (Local 1))
1093 027771 Jz (Var (Local 2)) (Branch T (Dloc 027784))
1094 027774 Test_attr (Var (Local 1)) (Con 20) (Branch F (Dloc 027784))
1095 027778 Store (Con 4) (Con 1)
1096 027781 Jump 027844
1097 027844 Store (Con 16) (Var (Local 3))
1098 027847 Store (Con 107) (Con 0)
1099 027850 Ret (Var (Local 4))
1100 022787 Jz (Var (Global 70)) (Branch F (Dloc 022791))
1101 022790 New_line
1102 022791 Print ">"
1103 022796 Sread (Var (Global 109)) (Var (Global 110))

[executed: 717 instructions]
Opening the small mailbox reveals a leaflet.

>[2]read leaflet


1104 022800 Loadb (Var (Global 110)) (Con 1) (Global 113)
1105 022804 Jz (Var (Global 113)) (Branch F (Dloc 022822))
1106 022822 Store (Con 5) (Var (Global 113))
1107 022825 Store (Con 128) (Con 0)
1108 022828 Store (Con 113) (Con 0)
1109 022831 Store (Con 96) (Con 0)
1110 022834 Dec_chk (Con 129) (Con 0) (Branch F (Dloc 022844))
1111 022844 Loadw (Var (Global 110)) (Var (Local 1)) (Local 2)
1112 022848 Jz (Var (Local 2)) (Branch F (Dloc 022861))
1113 022861 Je [Var (Local 2),Con 19456] (Branch F (Dloc 022879))
1114 022879 Je [Var (Local 2),Con 19393] (Branch F (Dloc 022906))
1115 022906 Je [Var (Local 2),Con 19393,Con 15151] (Branch T (Dloc 022920))
1116 022914 Je [Var (Local 2),Con 15165] (Branch F (Dloc 022953))
1117 022953 Call (Floc 023466) [Var (Local 2),Con 16,Con 3] (Local 3)
1118 023477 Loadb (Var (Local 1)) (Con 4) (Local 5)
1119 023481 Test (Var (Local 5)) (Var (Local 2)) (Branch F Dfalse)
1120 022961 Jz (Var (Local 3)) (Branch T (Dloc 023064))
1121 023064 Call (Floc 023466) [Var (Local 2),Con 64,Con 1] (Local 3)
1122 023477 Loadb (Var (Local 1)) (Con 4) (Local 5)
1123 023481 Test (Var (Local 5)) (Var (Local 2)) (Branch F Dfalse)
1124 023485 Jg (Var (Local 3)) (Con 4) (Branch T Dtrue)
1125 023489 And (Var (Local 5)) (Con 3) (Local 5)
1126 023493 Je [Var (Local 5),Var (Local 3)] (Branch T (Dloc 023499))
1127 023499 Loadb (Var (Local 1)) (Var (Local 4)) Sp
1128 023503 Ret_popped
1129 023072 Jz (Var (Local 3)) (Branch T (Dloc 023129))
1130 023075 Jz (Var (Local 4)) (Branch F (Dloc 023129))
1131 023078 Store (Con 4) (Var (Local 3))
1132 023081 Storew (Var (Global 100)) (Con 0) (Var (Local 3))
1133 023086 Storew (Var (Global 100)) (Con 1) (Var (Global 98))
1134 023091 Storew (Var (Global 98)) (Con 0) (Var (Local 2))
1135 023096 Mul (Var (Local 1)) (Con 2) Sp
1136 023100 Add (Var Sp) (Con 2) (Local 9)
1137 023104 Loadb (Var (Global 110)) (Var (Local 9)) Sp
1138 023108 Storeb (Var (Global 98)) (Con 2) (Var Sp)
1139 023113 Add (Var (Local 9)) (Con 1) Sp
1140 023117 Loadb (Var (Global 110)) (Var Sp) Sp
1141 023121 Storeb (Var (Global 98)) (Con 3) (Var Sp)
1142 023126 Jump 023397
1143 023397 Store (Con 8) (Var (Local 2))
1144 023400 Add (Var (Local 1)) (Con 2) (Local 1)
1145 023404 Jump 022834
1146 022834 Dec_chk (Con 129) (Con 0) (Branch F (Dloc 022844))
1147 022844 Loadw (Var (Global 110)) (Var (Local 1)) (Local 2)
1148 022848 Jz (Var (Local 2)) (Branch F (Dloc 022861))
1149 022861 Je [Var (Local 2),Con 19456] (Branch F (Dloc 022879))
1150 022879 Je [Var (Local 2),Con 19393] (Branch F (Dloc 022906))
1151 022906 Je [Var (Local 2),Con 19393,Con 15151] (Branch T (Dloc 022920))
1152 022914 Je [Var (Local 2),Con 15165] (Branch F (Dloc 022953))
1153 022953 Call (Floc 023466) [Var (Local 2),Con 16,Con 3] (Local 3)
1154 023477 Loadb (Var (Local 1)) (Con 4) (Local 5)
1155 023481 Test (Var (Local 5)) (Var (Local 2)) (Branch F Dfalse)
1156 022961 Jz (Var (Local 3)) (Branch T (Dloc 023064))
1157 023064 Call (Floc 023466) [Var (Local 2),Con 64,Con 1] (Local 3)
1158 023477 Loadb (Var (Local 1)) (Con 4) (Local 5)
1159 023481 Test (Var (Local 5)) (Var (Local 2)) (Branch F Dfalse)
1160 023072 Jz (Var (Local 3)) (Branch T (Dloc 023129))
1161 023129 Call (Floc 023466) [Var (Local 2),Con 8,Con 0] (Local 3)
1162 023477 Loadb (Var (Local 1)) (Con 4) (Local 5)
1163 023481 Test (Var (Local 5)) (Var (Local 2)) (Branch F Dfalse)
1164 023137 Jz (Var (Local 3)) (Branch F (Dloc 023172))
1165 023140 Je [Var (Local 2),Con 15228,Con 18042] (Branch T (Dloc 023169))
1166 023148 Call (Floc 023466) [Var (Local 2),Con 32] Sp
1167 023477 Loadb (Var (Local 1)) (Con 4) (Local 5)
1168 023481 Test (Var (Local 5)) (Var (Local 2)) (Branch F Dfalse)
1169 023155 Jz (Var Sp) (Branch F (Dloc 023169))
1170 023158 Call (Floc 023466) [Var (Local 2),Con 128] Sp
1171 023477 Loadb (Var (Local 1)) (Con 4) (Local 5)
1172 023481 Test (Var (Local 5)) (Var (Local 2)) (Branch F Dfalse)
1173 023485 Jg (Var (Local 3)) (Con 4) (Branch T Dtrue)
1174 023165 Jz (Var Sp) (Branch T (Dloc 023301))
1175 023169 Store (Con 3) (Con 0)
1176 023172 Jg (Var (Global 113)) (Con 0) (Branch F (Dloc 023206))
1177 023206 Jz (Var (Local 3)) (Branch T (Dloc 023246))
1178 023246 Je [Var (Global 97),Con 2] (Branch F (Dloc 023277))
1179 023277 Inc (Con 113)
1180 023279 Call (Floc 023504) [Var (Local 1),Var (Local 3),Var (Local 2)] (Local 1)
1181 023525 Sub (Var (Global 97)) (Con 1) Sp
1182 023529 Mul (Var Sp) (Con 2) (Local 4)
1183 023533 Jz (Var (Local 2)) (Branch T (Dloc 023561))
1184 023561 Inc (Con 129)
1185 023563 Jz (Var (Global 113)) (Branch F (Dloc 023571))
1186 023571 Add (Con 6) (Var (Local 4)) (Local 5)
1187 023575 Mul (Var (Local 1)) (Con 2) Sp
1188 023579 Add (Var (Global 110)) (Var Sp) Sp
1189 023583 Storew (Var (Global 100)) (Var (Local 5)) (Var Sp)
1190 023588 Loadw (Var (Global 110)) (Var (Local 1)) Sp
1191 023592 Je [Var Sp,Con 19379,Con 15172,Con 15242] (Branch F (Dloc 023615))
1192 023615 Dec_chk (Con 129) (Con 0) (Branch F (Dloc 023639))
1193 023639 Loadw (Var (Global 110)) (Var (Local 1)) (Local 3)
1194 023643 Jz (Var (Local 3)) (Branch F (Dloc 023656))
1195 023656 Jz (Var (Global 113)) (Branch F (Dloc 023665))
1196 023659 Store (Con 8) (Con 0)
1197 023662 Jump 023673
1198 023673 Je [Var (Local 3),Con 15256,Con 15158] (Branch F (Dloc 023687))
1199 023687 Je [Var (Local 3),Con 15228,Con 18042] (Branch F (Dloc 023711))
1200 023711 Je [Var (Local 3),Con 19393,Con 15151] (Branch T (Dloc 023739))
1201 023719 Call (Floc 023466) [Var (Local 3),Con 8] Sp
1202 023477 Loadb (Var (Local 1)) (Con 4) (Local 5)
1203 023481 Test (Var (Local 5)) (Var (Local 2)) (Branch F Dfalse)
1204 023726 Jz (Var Sp) (Branch T (Dloc 023764))
1205 023764 Call (Floc 023466) [Var (Local 3),Con 128] Sp
1206 023477 Loadb (Var (Local 1)) (Con 4) (Local 5)
1207 023481 Test (Var (Local 5)) (Var (Local 2)) (Branch F Dfalse)
1208 023485 Jg (Var (Local 3)) (Con 4) (Branch T Dtrue)
1209 023771 Jz (Var Sp) (Branch T (Dloc 023871))
1210 023775 Jg (Var (Global 113)) (Con 0) (Branch F (Dloc 023796))
1211 023796 Call (Floc 023466) [Var (Local 3),Con 32,Con 2] Sp
1212 023477 Loadb (Var (Local 1)) (Con 4) (Local 5)
1213 023481 Test (Var (Local 5)) (Var (Local 2)) (Branch F Dfalse)
1214 023804 Jz (Var Sp) (Branch T (Dloc 023823))
1215 023823 Jz (Var (Local 6)) (Branch F (Dloc 023865))
1216 023826 Je [Var (Local 8),Con 15767,Con 16481] (Branch T (Dloc 023865))
1217 023834 Je [Var (Local 8),Con 15256,Con 15158] (Branch T (Dloc 023865))
1218 023842 Add (Var (Local 5)) (Con 1) (Local 10)
1219 023846 Add (Var (Local 1)) (Con 2) Sp
1220 023850 Mul (Var Sp) (Con 2) Sp
1221 023854 Add (Var (Global 110)) (Var Sp) Sp
1222 023858 Storew (Var (Global 100)) (Var (Local 10)) (Var Sp)
1223 023863 Ret (Var (Local 1))
1224 023287 Jz (Var (Local 1)) (Branch T Dfalse)
1225 023290 Jl (Var (Local 1)) (Con 0) (Branch F (Dloc 023397))
1226 023397 Store (Con 8) (Var (Local 2))
1227 023400 Add (Var (Local 1)) (Con 2) (Local 1)
1228 023404 Jump 022834
1229 022834 Dec_chk (Con 129) (Con 0) (Branch F (Dloc 022844))
1230 022838 Store (Con 112) (Con 0)
1231 022841 Jump 023407
1232 023407 Jz (Var (Local 6)) (Branch T (Dloc 023421))
1233 023421 Store (Con 111) (Con 0)
1234 023424 Jz (Var (Global 105)) (Branch T (Dloc 023432))
1235 023432 Call (Floc 024736) [] Sp
1236 024759 Loadw (Var (Global 100)) (Con 0) (Local 8)
1237 024763 Jz (Var (Local 8)) (Branch F (Dloc 024789))
1238 024789 Sub (Con 255) (Var (Local 8)) Sp
1239 024793 Loadw (Var (Global 157)) (Var Sp) (Local 1)
1240 024797 Loadb (Var (Local 1)) (Con 0) (Local 2)
1241 024801 Add (Con 1) (Var (Local 1)) (Local 1)
1242 024805 Loadb (Var (Local 1)) (Con 0) Sp
1243 024809 And (Var Sp) (Con 3) (Local 3)
1244 024813 Jg (Var (Global 97)) (Var (Local 3)) (Branch F (Dloc 024820))
1245 024820 Jl (Var (Local 3)) (Con 1) (Branch T (Dloc 024848))
1246 024824 Jz (Var (Global 97)) (Branch F (Dloc 024848))
1247 024848 Loadb (Var (Local 1)) (Con 1) (Local 11)
1248 024852 Loadw (Var (Global 100)) (Con 2) Sp
1249 024856 Je [Var (Local 11),Var Sp] (Branch F (Dloc 024893))
1250 024860 Je [Var (Local 3),Con 2] (Branch F (Dloc 024874))
1251 024864 Je [Var (Global 97),Con 1] (Branch F (Dloc 024874))
1252 024868 Store (Con 6) (Var (Local 1))
1253 024871 Jump 024893
1254 024893 Dec_chk (Con 2) (Con 1) (Branch F (Dloc 024935))
1255 024935 Add (Var (Local 1)) (Con 8) (Local 1)
1256 024939 Jump 024805
1257 024805 Loadb (Var (Local 1)) (Con 0) Sp
1258 024809 And (Var Sp) (Con 3) (Local 3)
1259 024813 Jg (Var (Global 97)) (Var (Local 3)) (Branch F (Dloc 024820))
1260 024820 Jl (Var (Local 3)) (Con 1) (Branch T (Dloc 024848))
1261 024824 Jz (Var (Global 97)) (Branch F (Dloc 024848))
1262 024848 Loadb (Var (Local 1)) (Con 1) (Local 11)
1263 024852 Loadw (Var (Global 100)) (Con 2) Sp
1264 024856 Je [Var (Local 11),Var Sp] (Branch F (Dloc 024893))
1265 024860 Je [Var (Local 3),Con 2] (Branch F (Dloc 024874))
1266 024864 Je [Var (Global 97),Con 1] (Branch F (Dloc 024874))
1267 024868 Store (Con 6) (Var (Local 1))
1268 024871 Jump 024893
1269 024893 Dec_chk (Con 2) (Con 1) (Branch F (Dloc 024935))
1270 024935 Add (Var (Local 1)) (Con 8) (Local 1)
1271 024939 Jump 024805
1272 024805 Loadb (Var (Local 1)) (Con 0) Sp
1273 024809 And (Var Sp) (Con 3) (Local 3)
1274 024813 Jg (Var (Global 97)) (Var (Local 3)) (Branch F (Dloc 024820))
1275 024820 Jl (Var (Local 3)) (Con 1) (Branch T (Dloc 024848))
1276 024824 Jz (Var (Global 97)) (Branch F (Dloc 024848))
1277 024848 Loadb (Var (Local 1)) (Con 1) (Local 11)
1278 024852 Loadw (Var (Global 100)) (Con 2) Sp
1279 024856 Je [Var (Local 11),Var Sp] (Branch F (Dloc 024893))
1280 024893 Dec_chk (Con 2) (Con 1) (Branch F (Dloc 024935))
1281 024935 Add (Var (Local 1)) (Con 8) (Local 1)
1282 024939 Jump 024805
1283 024805 Loadb (Var (Local 1)) (Con 0) Sp
1284 024809 And (Var Sp) (Con 3) (Local 3)
1285 024813 Jg (Var (Global 97)) (Var (Local 3)) (Branch F (Dloc 024820))
1286 024820 Jl (Var (Local 3)) (Con 1) (Branch T (Dloc 024848))
1287 024824 Jz (Var (Global 97)) (Branch F (Dloc 024848))
1288 024848 Loadb (Var (Local 1)) (Con 1) (Local 11)
1289 024852 Loadw (Var (Global 100)) (Con 2) Sp
1290 024856 Je [Var (Local 11),Var Sp] (Branch F (Dloc 024893))
1291 024860 Je [Var (Local 3),Con 2] (Branch F (Dloc 024874))
1292 024874 Loadb (Var (Local 1)) (Con 2) (Local 11)
1293 024878 Loadw (Var (Global 100)) (Con 4) Sp
1294 024882 Je [Var (Local 11),Var Sp] (Branch F (Dloc 024893))
1295 024886 Call (Floc 025674) [Var (Local 1)] Sp
1296 025677 Store (Con 131) (Var (Local 1))
1297 025680 Loadb (Var (Local 1)) (Con 7) (Global 120)
1298 025684 Ret (Var (Global 120))
1299 024892 Rtrue
1300 023437 Jz (Var Sp) (Branch T Dfalse)
1301 023440 Call (Floc 025802) [] Sp
1302 025805 Loadw (Var (Global 100)) (Con 6) (Local 1)
1303 025809 Jz (Var (Local 1)) (Branch T (Dloc 025844))
1304 025812 Loadb (Var (Global 115)) (Con 5) (Global 92)
1305 025816 Loadw (Var (Global 100)) (Con 7) Sp
1306 025820 Call (Floc 025978) [Var (Local 1),Var Sp,Var (Global 86)] Sp
1307 025995 Store (Con 96) (Con 0)
1308 025998 Store (Con 95) (Var (Local 1))
1309 026001 Store (Con 94) (Var (Local 2))
1310 026004 Store (Con 93) (Con 0)
1311 026007 Storew (Var (Global 84)) (Var (Global 81)) (Con 0)
1312 026012 Storew (Var (Local 3)) (Var (Global 81)) (Con 0)
1313 026017 Loadw (Var (Local 1)) (Con 0) (Local 7)
1314 026021 Je [Var (Local 1),Var (Local 2)] (Branch F (Dloc 026045))
1315 026045 Loadw (Var (Local 1)) (Con 2) (Local 8)
1316 026049 Je [Var (Local 7),Con 15228] (Branch F (Dloc 026072))
1317 026072 Je [Var (Local 7),Con 15767,Con 16481] (Branch F (Dloc 026112))
1318 026112 Je [Var (Local 7),Con 15172,Con 18042] (Branch F (Dloc 026170))
1319 026170 Je [Var (Local 7),Con 15256,Con 15158] (Branch F (Dloc 026212))
1320 026212 Call (Floc 023466) [Var (Local 7),Con 4] Sp
1321 023477 Loadb (Var (Local 1)) (Con 4) (Local 5)
1322 023481 Test (Var (Local 5)) (Var (Local 2)) (Branch F Dfalse)
1323 026219 Jz (Var Sp) (Branch T (Dloc 026225))
1324 026225 Je [Var (Local 7),Con 15256,Con 15158] (Branch F (Dloc 026236))
1325 026236 Je [Var (Local 7),Con 18000] (Branch F (Dloc 026251))
1326 026251 Call (Floc 023466) [Var (Local 7),Con 32,Con 2] (Local 6)
1327 023477 Loadb (Var (Local 1)) (Con 4) (Local 5)
1328 023481 Test (Var (Local 5)) (Var (Local 2)) (Branch F Dfalse)
1329 026259 Jz (Var (Local 6)) (Branch T (Dloc 026274))
1330 026274 Call (Floc 023466) [Var (Local 7),Con 128,Con 0] Sp
1331 023477 Loadb (Var (Local 1)) (Con 4) (Local 5)
1332 023481 Test (Var (Local 5)) (Var (Local 2)) (Branch F Dfalse)
1333 023485 Jg (Var (Local 3)) (Con 4) (Branch T Dtrue)
1334 023489 And (Var (Local 5)) (Con 3) (Local 5)
1335 023493 Je [Var (Local 5),Var (Local 3)] (Branch T (Dloc 023499))
1336 023499 Loadb (Var (Local 1)) (Var (Local 4)) Sp
1337 023503 Ret_popped
1338 026282 Jz (Var Sp) (Branch T (Dloc 026291))
1339 026285 Store (Con 106) (Var (Local 7))
1340 026288 Store (Con 132) (Var (Local 7))
1341 026291 Je [Var (Local 1),Var (Local 2)] (Branch T (Dloc 026021))
1342 026296 Add (Var (Local 1)) (Con 4) (Local 1)
1343 026300 Store (Con 7) (Var (Local 8))
1344 026303 Jump 026021
1345 026021 Je [Var (Local 1),Var (Local 2)] (Branch F (Dloc 026045))
1346 026025 Jz (Var (Local 4)) (Branch T (Dloc 026034))
1347 026034 Push (Var (Local 3))
1348 026037 Call (Floc 026306) [Var Sp] Sp
1349 026325 Store (Con 5) (Var (Global 92))
1350 026328 Loadw (Var (Local 1)) (Var (Global 81)) (Local 6)
1351 026332 Test (Var (Global 80)) (Con 4) (Branch T Dtrue)
1352 026336 Jz (Var (Global 90)) (Branch F (Dloc 026359))
1353 026359 Jz (Var (Global 90)) (Branch F (Dloc 026404))
1354 026404 Je [Var (Global 80),Con 1] (Branch F (Dloc 026411))
1355 026411 Store (Con 108) (Con -1)
1356 026416 Store (Con 133) (Var (Local 1))
1357 026419 Jz (Var (Local 7)) (Branch T (Dloc 026431))
1358 026431 Jz (Var (Global 66)) (Branch T (Dloc 026448))
1359 026434 Clear_attr (Var (Global 128)) (Con 12)
1360 026437 Call (Floc 027166) [Var (Global 0),Con 16,Con 32] Sp
1361 027175 Add (Var (Local 2)) (Var (Local 3)) Sp
1362 027179 Test (Var (Global 92)) (Var Sp) (Branch F (Dloc 027192))
1363 027183 Call (Floc 027218) [Var (Local 1),Var (Global 117),Con 1] Sp
1364 027229 Get_child (Var (Local 1)) (Local 1) (Branch F Dfalse)
1365 027233 Je [Var (Local 3),Con 2] (Branch T (Dloc 027261))
1366 027237 Get_prop_addr (Var (Local 1)) (Con 18) Sp
1367 027241 Jz (Var Sp) (Branch T (Dloc 027261))
1368 027244 Call (Floc 027932) [Var (Local 1),Var (Local 2)] Sp
1369 027941 Test_attr (Var (Local 1)) (Con 7) (Branch T Dfalse)
1370 027251 Jz (Var Sp) (Branch T (Dloc 027261))
1371 027261 Je [Var (Local 3),Con 0] (Branch F (Dloc 027273))
1372 027273 Get_child (Var (Local 1)) (Local 5) (Branch F (Dloc 027316))
1373 027316 Get_sibling (Var (Local 1)) (Local 1) (Branch T (Dloc 027233))
1374 027233 Je [Var (Local 3),Con 2] (Branch T (Dloc 027261))
1375 027237 Get_prop_addr (Var (Local 1)) (Con 18) Sp
1376 027241 Jz (Var Sp) (Branch T (Dloc 027261))
1377 027244 Call (Floc 027932) [Var (Local 1),Var (Local 2)] Sp
1378 027941 Test_attr (Var (Local 1)) (Con 7) (Branch T Dfalse)
1379 027945 Jz (Var (Global 90)) (Branch T (Dloc 027974))
1380 027948 Get_prop_addr (Var (Local 1)) (Con 18) (Local 3)
1381 027952 Get_prop_len (Var (Local 3)) Sp
1382 027955 Div (Var Sp) (Con 2) Sp
1383 027959 Sub (Var Sp) (Con 1) Sp
1384 027963 Call (Floc 027682) [Var (Global 90),Var (Local 3),Var Sp] Sp
1385 027691 Jz (Var (Local 2)) (Branch T Dfalse)
1386 027694 Jl (Var (Local 3)) (Con 0) (Branch T (Dloc 027704))
1387 027698 Store (Con 4) (Con 0)
1388 027701 Jump 027708
1389 027708 Loadw (Var (Local 2)) (Var (Local 4)) Sp
1390 027712 Je [Var (Local 1),Var Sp] (Branch T Dtrue)
1391 027716 Inc_chk (Con 4) (Var (Local 3)) (Branch F (Dloc 027708))
1392 027721 Rfalse
1393 027971 Jz (Var Sp) (Branch T Dfalse)
1394 027251 Jz (Var Sp) (Branch T (Dloc 027261))
1395 027261 Je [Var (Local 3),Con 0] (Branch F (Dloc 027273))
1396 027273 Get_child (Var (Local 1)) (Local 5) (Branch F (Dloc 027316))
1397 027316 Get_sibling (Var (Local 1)) (Local 1) (Branch T (Dloc 027233))
1398 027233 Je [Var (Local 3),Con 2] (Branch T (Dloc 027261))
1399 027237 Get_prop_addr (Var (Local 1)) (Con 18) Sp
1400 027241 Jz (Var Sp) (Branch T (Dloc 027261))
1401 027244 Call (Floc 027932) [Var (Local 1),Var (Local 2)] Sp
1402 027941 Test_attr (Var (Local 1)) (Con 7) (Branch T Dfalse)
1403 027945 Jz (Var (Global 90)) (Branch T (Dloc 027974))
1404 027948 Get_prop_addr (Var (Local 1)) (Con 18) (Local 3)
1405 027952 Get_prop_len (Var (Local 3)) Sp
1406 027955 Div (Var Sp) (Con 2) Sp
1407 027959 Sub (Var Sp) (Con 1) Sp
1408 027963 Call (Floc 027682) [Var (Global 90),Var (Local 3),Var Sp] Sp
1409 027691 Jz (Var (Local 2)) (Branch T Dfalse)
1410 027694 Jl (Var (Local 3)) (Con 0) (Branch T (Dloc 027704))
1411 027698 Store (Con 4) (Con 0)
1412 027701 Jump 027708
1413 027708 Loadw (Var (Local 2)) (Var (Local 4)) Sp
1414 027712 Je [Var (Local 1),Var Sp] (Branch T Dtrue)
1415 027716 Inc_chk (Con 4) (Var (Local 3)) (Branch F (Dloc 027708))
1416 027708 Loadw (Var (Local 2)) (Var (Local 4)) Sp
1417 027712 Je [Var (Local 1),Var Sp] (Branch T Dtrue)
1418 027716 Inc_chk (Con 4) (Var (Local 3)) (Branch F (Dloc 027708))
1419 027721 Rfalse
1420 027971 Jz (Var Sp) (Branch T Dfalse)
1421 027251 Jz (Var Sp) (Branch T (Dloc 027261))
1422 027261 Je [Var (Local 3),Con 0] (Branch F (Dloc 027273))
1423 027273 Get_child (Var (Local 1)) (Local 5) (Branch F (Dloc 027316))
1424 027277 Test_attr (Var (Local 1)) (Con 11) (Branch T (Dloc 027285))
1425 027285 Test_attr (Var (Local 1)) (Con 10) (Branch F (Dloc 027295))
1426 027295 Test_attr (Var (Local 1)) (Con 8) (Branch F (Dloc 027305))
1427 027305 Push (Con 0)
1428 027308 Call (Floc 027218) [Var (Local 1),Var (Local 2),Var Sp] (Local 4)
1429 027229 Get_child (Var (Local 1)) (Local 1) (Branch F Dfalse)
1430 027233 Je [Var (Local 3),Con 2] (Branch T (Dloc 027261))
1431 027237 Get_prop_addr (Var (Local 1)) (Con 18) Sp
1432 027241 Jz (Var Sp) (Branch T (Dloc 027261))
1433 027244 Call (Floc 027932) [Var (Local 1),Var (Local 2)] Sp
1434 027941 Test_attr (Var (Local 1)) (Con 7) (Branch T Dfalse)
1435 027945 Jz (Var (Global 90)) (Branch T (Dloc 027974))
1436 027948 Get_prop_addr (Var (Local 1)) (Con 18) (Local 3)
1437 027952 Get_prop_len (Var (Local 3)) Sp
1438 027955 Div (Var Sp) (Con 2) Sp
1439 027959 Sub (Var Sp) (Con 1) Sp
1440 027963 Call (Floc 027682) [Var (Global 90),Var (Local 3),Var Sp] Sp
1441 027691 Jz (Var (Local 2)) (Branch T Dfalse)
1442 027694 Jl (Var (Local 3)) (Con 0) (Branch T (Dloc 027704))
1443 027698 Store (Con 4) (Con 0)
1444 027701 Jump 027708
1445 027708 Loadw (Var (Local 2)) (Var (Local 4)) Sp
1446 027712 Je [Var (Local 1),Var Sp] (Branch T Dtrue)
1447 027716 Inc_chk (Con 4) (Var (Local 3)) (Branch F (Dloc 027708))
1448 027708 Loadw (Var (Local 2)) (Var (Local 4)) Sp
1449 027712 Je [Var (Local 1),Var Sp] (Branch T Dtrue)
1450 027971 Jz (Var Sp) (Branch T Dfalse)
1451 027974 Jz (Var (Global 89)) (Branch T (Dloc 028002))
1452 028002 Jz (Var (Global 91)) (Branch T Dtrue)
1453 027251 Jz (Var Sp) (Branch T (Dloc 027261))
1454 027254 Call (Floc 027322) [Var (Local 1),Var (Local 2)] Sp
1455 027329 Loadw (Var (Local 2)) (Var (Global 81)) (Local 3)
1456 027333 Add (Var (Local 3)) (Con 1) Sp
1457 027337 Storew (Var (Local 2)) (Var Sp) (Var (Local 1))
1458 027342 Add (Var (Local 3)) (Con 1) Sp
1459 027346 Storew (Var (Local 2)) (Var (Global 81)) (Var Sp)
1460 027351 Rtrue
1461 027261 Je [Var (Local 3),Con 0] (Branch F (Dloc 027273))
1462 027265 Test_attr (Var (Local 1)) (Con 8) (Branch T (Dloc 027273))
1463 027269 Test_attr (Var (Local 1)) (Con 10) (Branch F (Dloc 027316))
1464 027316 Get_sibling (Var (Local 1)) (Local 1) (Branch T (Dloc 027233))
1465 027321 Rtrue
1466 027316 Get_sibling (Var (Local 1)) (Local 1) (Branch T (Dloc 027233))
1467 027321 Rtrue
1468 027191 Ret_popped
1469 026445 Set_attr (Var (Global 128)) (Con 12)
1470 026448 Call (Floc 027166) [Var (Global 128),Con 128,Con 64] Sp
1471 027175 Add (Var (Local 2)) (Var (Local 3)) Sp
1472 027179 Test (Var (Global 92)) (Var Sp) (Branch F (Dloc 027192))
1473 027183 Call (Floc 027218) [Var (Local 1),Var (Global 117),Con 1] Sp
1474 027229 Get_child (Var (Local 1)) (Local 1) (Branch F Dfalse)
1475 027191 Ret_popped
1476 026456 Loadw (Var (Local 1)) (Var (Global 81)) Sp
1477 026460 Sub (Var Sp) (Var (Local 6)) (Local 4)
1478 026464 Test (Var (Global 80)) (Con 1) (Branch F (Dloc 026471))
1479 026471 Test (Var (Global 80)) (Con 2) (Branch F (Dloc 026524))
1480 026524 Jg (Var (Local 4)) (Con 1) (Branch T (Dloc 026539))
1481 026528 Jz (Var (Local 4)) (Branch F (Dloc 026670))
1482 026670 Jz (Var (Local 4)) (Branch F (Dloc 026729))
1483 026729 Jz (Var (Local 4)) (Branch F (Dloc 026738))
1484 026738 Store (Con 108) (Var (Local 5))
1485 026741 Store (Con 106) (Con 0)
1486 026744 Store (Con 105) (Con 0)
1487 026747 Rtrue
1488 026043 Ret (Var Sp)
1489 025828 Jz (Var Sp) (Branch T Dfalse)
1490 025831 Loadw (Var (Global 84)) (Var (Global 81)) Sp
1491 025835 Jz (Var Sp) (Branch T (Dloc 025844))
1492 025844 Loadw (Var (Global 100)) (Con 8) (Local 1)
1493 025848 Jz (Var (Local 1)) (Branch T Dtrue)
1494 023445 Jz (Var Sp) (Branch T Dfalse)
1495 023448 Call (Floc 027544) [] Sp
1496 027551 Loadw (Var (Global 86)) (Var (Global 81)) Sp
1497 027555 Jg (Var Sp) (Con 1) (Branch F (Dloc 027573))
1498 027573 Loadw (Var (Global 85)) (Var (Global 81)) Sp
1499 027577 Jg (Var Sp) (Con 1) (Branch F (Dloc 027592))
1500 027592 Jz (Var (Local 1)) (Branch T Dtrue)
1501 023453 Jz (Var Sp) (Branch T Dfalse)
1502 023456 Call (Floc 027352) [] Sp
1503 027353 Loadb (Var (Global 115)) (Con 5) Sp
1504 027357 Call (Floc 027380) [Var (Global 86),Var Sp] Sp
1505 027391 Loadw (Var (Local 1)) (Var (Global 81)) (Local 3)
1506 027395 Jz (Var (Local 3)) (Branch T Dtrue)
1507 027398 Test (Var (Local 2)) (Con 2) (Branch T (Dloc 027406))
1508 027402 Test (Var (Local 2)) (Con 8) (Branch F Dtrue)
1509 027406 Dec_chk (Con 3) (Con 0) (Branch T Dtrue)
1510 027410 Add (Var (Local 3)) (Con 1) Sp
1511 027414 Loadw (Var (Local 1)) (Var Sp) (Local 4)
1512 027418 Je [Var (Local 4),Con 12] (Branch F (Dloc 027425))
1513 027425 Call (Floc 038124) [Var (Local 4)] Sp
1514 038127 Get_parent (Var (Local 1)) (Local 1)
1515 038130 Jz (Var (Local 1)) (Branch T Dfalse)
1516 038133 Je [Var (Local 1),Var (Global 111)] (Branch F (Dloc 038127))
1517 038127 Get_parent (Var (Local 1)) (Local 1)
1518 038130 Jz (Var (Local 1)) (Branch T Dfalse)
1519 038133 Je [Var (Local 1),Var (Global 111)] (Branch F (Dloc 038127))
1520 038127 Get_parent (Var (Local 1)) (Local 1)
1521 038130 Jz (Var (Local 1)) (Branch T Dfalse)
1522 038133 Je [Var (Local 1),Var (Global 111)] (Branch F (Dloc 038127))
1523 038127 Get_parent (Var (Local 1)) (Local 1)
1524 038130 Jz (Var (Local 1)) (Branch T Dfalse)
1525 027431 Jz (Var Sp) (Branch F (Dloc 027406))
1526 027435 Je [Var (Local 4),Con 1] (Branch T (Dloc 027406))
1527 027440 Store (Con 134) (Var (Local 4))
1528 027443 Test_attr (Var (Local 4)) (Con 13) (Branch F (Dloc 027453))
1529 027453 Je [Var (Global 111),Con 4] (Branch T (Dloc 027463))
1530 027463 Test (Var (Local 2)) (Con 8) (Branch F (Dloc 027483))
1531 027467 Call (Floc 037108) [Con 0] Sp
1532 037117 Jz (Var (Global 62)) (Branch T (Dloc 037144))
1533 037144 Test_attr (Var (Global 118)) (Con 17) (Branch T (Dloc 037161))
1534 037161 Call (Floc 020688) [] Sp
1535 020693 Rfalse
1536 037166 Jz (Var Sp) (Branch F Dfalse)
1537 037169 Get_parent (Var (Global 118)) Sp
1538 037172 Test_attr (Var Sp) (Con 19) (Branch F (Dloc 037183))
1539 037176 Get_parent (Var (Global 118)) Sp
1540 037179 Test_attr (Var Sp) (Con 11) (Branch F Dfalse)
1541 037183 Get_parent (Var (Global 118)) Sp
1542 037186 Jin (Var Sp) (Var (Global 111)) (Branch T (Dloc 037265))
1543 037191 Call (Floc 037420) [Var (Global 118)] (Local 4)
1544 037427 Get_child (Var (Local 1)) (Local 2) (Branch F (Dloc 037459))
1545 037459 Get_prop (Var (Local 1)) (Con 15) Sp
1546 037463 Add (Var (Local 3)) (Var Sp) Sp
1547 037467 Ret_popped
1548 037197 Call (Floc 037420) [Var (Global 111)] Sp
1549 037427 Get_child (Var (Local 1)) (Local 2) (Branch F (Dloc 037459))
1550 037459 Get_prop (Var (Local 1)) (Con 15) Sp
1551 037463 Add (Var (Local 3)) (Var Sp) Sp
1552 037467 Ret_popped
1553 037203 Add (Var (Local 4)) (Var Sp) Sp
1554 037207 Jg (Var Sp) (Var (Global 133)) (Branch F (Dloc 037265))
1555 037265 Je [Var (Global 120),Con 93] (Branch F (Dloc 037316))
1556 037316 Insert_obj (Var (Global 118)) (Var (Global 111))
1557 037319 Set_attr (Var (Global 118)) (Con 3)
1558 037322 Call (Floc 020688) [] Sp
1559 020693 Rfalse
1560 037327 Call (Floc 037050) [Var (Global 118)] Sp
1561 037055 Get_prop (Var (Local 1)) (Con 13) (Local 2)
1562 037059 Jg (Var (Local 2)) (Con 0) (Branch F Dfalse)
1563 037333 Rtrue
1564 027473 Je [Var Sp,Con 1] (Branch F (Dloc 027483))
1565 027477 Store (Con 5) (Con 0)
1566 027480 Jump 027486
1567 027486 Jz (Var (Local 5)) (Branch T (Dloc 027522))
1568 027522 Jz (Var (Local 5)) (Branch F (Dloc 027406))
1569 027526 Je [Var (Global 111),Con 4] (Branch F (Dloc 027406))
1570 027531 Print "(Taken)"
1571 027540 New_line
1572 027541 Jump 027406
1573 027406 Dec_chk (Con 3) (Con 0) (Branch T Dtrue)
1574 027364 Jz (Var Sp) (Branch T Dfalse)
1575 027367 Loadb (Var (Global 115)) (Con 6) Sp
1576 027371 Call (Floc 027380) [Var (Global 85),Var Sp] Sp
1577 027391 Loadw (Var (Local 1)) (Var (Global 81)) (Local 3)
1578 027395 Jz (Var (Local 3)) (Branch T Dtrue)
1579 027378 Ret_popped
1580 023461 Jz (Var Sp) (Branch T Dfalse)
1581 023464 Rtrue
1582 021837 Jz (Var (Global 127)) (Branch T (Dloc 022347))
1583 021841 Loadw (Var (Global 85)) (Var (Global 81)) (Local 1)
1584 021845 Loadw (Var (Global 86)) (Var (Global 81)) (Local 2)
1585 021849 Jz (Var (Local 2)) (Branch F (Dloc 021858))
1586 021858 Jg (Var (Local 2)) (Con 1) (Branch F (Dloc 021884))
1587 021884 Jg (Var (Local 1)) (Con 1) (Branch F (Dloc 021904))
1588 021904 Push (Con 1)
1589 021907 Store (Con 3) (Var Sp)
1590 021910 Jz (Var (Local 5)) (Branch F (Dloc 021921))
1591 021913 Je [Var (Local 1),Con 1] (Branch F (Dloc 021921))
1592 021921 Je [Var (Global 120),Con 137] (Branch F (Dloc 021935))
1593 021935 Jz (Var (Local 3)) (Branch F (Dloc 022016))
1594 022016 Store (Con 138) (Con 0)
1595 022019 Store (Con 139) (Con 0)
1596 022022 Jg (Var (Local 3)) (Con 1) (Branch F (Dloc 022029))
1597 022029 Store (Con 10) (Con 0)
1598 022032 Inc_chk (Con 4) (Var (Local 3)) (Branch F (Dloc 022126))
1599 022126 Jz (Var (Local 8)) (Branch T (Dloc 022136))
1600 022129 Loadw (Var (Global 86)) (Var (Local 4)) (Local 9)
1601 022133 Jump 022140
1602 022140 Jz (Var (Local 8)) (Branch T (Dloc 022149))
1603 022143 Push (Var (Local 9))
1604 022146 Jump 022152
1605 022152 Store (Con 134) (Var Sp)
1606 022155 Jz (Var (Local 8)) (Branch T (Dloc 022164))
1607 022158 Push (Var (Local 5))
1608 022161 Jump 022167
1609 022167 Store (Con 135) (Var Sp)
1610 022170 Jg (Var (Local 3)) (Con 1) (Branch T (Dloc 022189))
1611 022174 Loadw (Var (Global 100)) (Con 6) Sp
1612 022178 Loadw (Var Sp) (Con 0) Sp
1613 022182 Je [Var Sp,Con 15228] (Branch F (Dloc 022276))
1614 022276 Store (Con 10) (Con 1)
1615 022279 Call (Floc 022396) [Var (Global 120),Var (Global 118),Var (Global 119)] (Local 7)
1616 022411 Store (Con 5) (Var (Global 120))
1617 022414 Store (Con 6) (Var (Global 118))
1618 022417 Store (Con 7) (Var (Global 119))
1619 022420 Je [Con 12,Var (Local 3),Var (Local 2)] (Branch F (Dloc 022456))
1620 022456 Je [Var (Local 2),Con 12] (Branch F (Dloc 022463))
1621 022463 Je [Var (Local 3),Con 12] (Branch F (Dloc 022470))
1622 022470 Store (Con 136) (Var (Local 1))
1623 022473 Store (Con 134) (Var (Local 2))
1624 022476 Jz (Var (Global 118)) (Branch T (Dloc 022493))
1625 022479 Je [Var (Global 119),Con 12] (Branch T (Dloc 022493))
1626 022483 Je [Var (Global 120),Con 137] (Branch T (Dloc 022493))
1627 022487 Store (Con 123) (Var (Global 118))
1628 022490 Store (Con 122) (Var (Global 0))
1629 022493 Store (Con 135) (Var (Local 3))
1630 022496 Je [Con 11,Var (Global 118),Var (Global 119)] (Branch F (Dloc 022513))
1631 022513 Store (Con 2) (Var (Global 118))
1632 022516 Store (Con 3) (Var (Global 119))
1633 022519 Get_prop (Var (Global 111)) (Con 17) Sp
1634 022523 Call (Fvar Sp) [] (Local 4)
1635 022527 Jz (Var (Local 4)) (Branch T (Dloc 022533))
1636 022533 Get_parent (Var (Global 111)) Sp
1637 022536 Get_prop (Var Sp) (Con 17) Sp
1638 022540 Call (Fvar Sp) [Con 1] (Local 4)
1639 038207 Je [Var (Local 1),Con 3] (Branch F Dfalse)
1640 022545 Jz (Var (Local 4)) (Branch T (Dloc 022551))
1641 022551 Loadw (Var (Global 156)) (Var (Local 1)) Sp
1642 022555 Call (Fvar Sp) [] (Local 4)
1643 033737 Jz (Var (Global 66)) (Branch F (Dloc 033757))
1644 033757 Jz (Var (Global 119)) (Branch T Dfalse)
1645 022559 Jz (Var (Local 4)) (Branch T (Dloc 022565))
1646 022565 Jz (Var (Local 3)) (Branch T (Dloc 022582))
1647 022582 Jz (Var (Local 2)) (Branch T (Dloc 022612))
1648 022585 Je [Var (Local 1),Con 137] (Branch T (Dloc 022612))
1649 022589 Get_parent (Var (Local 2)) Sp
1650 022592 Jz (Var Sp) (Branch T (Dloc 022612))
1651 022595 Get_parent (Var (Local 2)) Sp
1652 022598 Get_prop (Var Sp) (Con 2) Sp
1653 022602 Call (Fvar Sp) [] (Local 4)
1654 022606 Jz (Var (Local 4)) (Branch T (Dloc 022612))
1655 022612 Jz (Var (Local 2)) (Branch T (Dloc 022633))
1656 022615 Je [Var (Local 1),Con 137] (Branch T (Dloc 022633))
1657 022619 Get_prop (Var (Local 2)) (Con 17) Sp
1658 022623 Call (Fvar Sp) [] (Local 4)
1659 022627 Jz (Var (Local 4)) (Branch T (Dloc 022633))
1660 022633 Loadw (Var (Global 155)) (Var (Local 1)) Sp
1661 022637 Call (Fvar Sp) [] (Local 4)
1662 033787 Test_attr (Var (Global 118)) (Con 16) (Branch T (Dloc 033811))
1663 033811 Get_prop (Var (Global 118)) (Con 8) Sp
1664 033815 Print_paddr (Var Sp)
1665 033817 New_line
1666 033818 Rtrue
1667 022641 Jz (Var (Local 4)) (Branch T (Dloc 022644))
1668 022644 Store (Con 136) (Var (Local 5))
1669 022647 Store (Con 134) (Var (Local 6))
1670 022650 Store (Con 135) (Var (Local 7))
1671 022653 Ret (Var (Local 4))
1672 022287 Je [Var (Local 7),Con 2] (Branch F (Dloc 022032))
1673 022032 Inc_chk (Con 4) (Var (Local 3)) (Branch F (Dloc 022126))
1674 022037 Jg (Var (Global 122)) (Con 0) (Branch F (Dloc 022101))
1675 022101 Jz (Var (Local 10)) (Branch F (Dloc 022295))
1676 022295 Je [Var (Local 7),Con 2] (Branch T (Dloc 022311))
1677 022299 Get_parent (Var (Global 111)) Sp
1678 022302 Get_prop (Var Sp) (Con 17) Sp
1679 022306 Call (Fvar Sp) [Con 6] (Local 7)
1680 038207 Je [Var (Local 1),Con 3] (Branch F Dfalse)
1681 022311 Je [Var (Global 120),Con 8,Con 137,Con 15] (Branch T (Dloc 022337))
1682 022318 Je [Var (Global 120),Con 12,Con 9,Con 7] (Branch F (Dloc 022328))
1683 022328 Store (Con 142) (Var (Global 120))
1684 022331 Store (Con 141) (Var (Global 118))
1685 022334 Store (Con 140) (Var (Global 119))
1686 022337 Je [Var (Local 7),Con 2] (Branch F (Dloc 022350))
1687 022350 Jz (Var (Global 127)) (Branch T (Dloc 021823))
1688 022354 Je [Var (Global 120),Con 2,Con 1,Con 111] (Branch T (Dloc 021823))
1689 022362 Je [Var (Global 120),Con 12,Con 8,Con 0] (Branch T (Dloc 021823))
1690 022370 Je [Var (Global 120),Con 9,Con 6,Con 5] (Branch T (Dloc 021823))
1691 022378 Je [Var (Global 120),Con 7,Con 11,Con 10] (Branch F (Dloc 022388))
1692 022388 Call (Floc 021700) [] (Local 7)
1693 021709 Jz (Var (Global 129)) (Branch T (Dloc 021716))
1694 021716 Jz (Var (Global 127)) (Branch T (Dloc 021725))
1695 021719 Push (Var (Global 130))
1696 021722 Jump 021728
1697 021728 Add (Var (Global 132)) (Var Sp) (Local 1)
1698 021732 Add (Var (Global 132)) (Con 180) (Local 2)
1699 021736 Je [Var (Local 1),Var (Local 2)] (Branch F (Dloc 021751))
1700 021751 Loadw (Var (Local 1)) (Con 0) Sp
1701 021755 Jz (Var Sp) (Branch T (Dloc 021795))
1702 021795 Add (Var (Local 1)) (Con 6) (Local 1)
1703 021799 Jump 021736
1704 021736 Je [Var (Local 1),Var (Local 2)] (Branch F (Dloc 021751))
1705 021751 Loadw (Var (Local 1)) (Con 0) Sp
1706 021755 Jz (Var Sp) (Branch T (Dloc 021795))
1707 021795 Add (Var (Local 1)) (Con 6) (Local 1)
1708 021799 Jump 021736
1709 021736 Je [Var (Local 1),Var (Local 2)] (Branch F (Dloc 021751))
1710 021751 Loadw (Var (Local 1)) (Con 0) Sp
1711 021755 Jz (Var Sp) (Branch T (Dloc 021795))
1712 021758 Loadw (Var (Local 1)) (Con 1) (Local 3)
1713 021762 Jz (Var (Local 3)) (Branch F (Dloc 021768))
1714 021768 Sub (Var (Local 3)) (Con 1) Sp
1715 021772 Storew (Var (Local 1)) (Con 1) (Var Sp)
1716 021777 Jg (Var (Local 3)) (Con 1) (Branch T (Dloc 021795))
1717 021781 Loadw (Var (Local 1)) (Con 2) Sp
1718 021785 Call (Fvar Sp) [] Sp
1719 066027 Get_parent (Con 114) (Local 1)
1720 066030 Test_attr (Con 114) (Con 7) (Branch T (Dloc 066040))
1721 066040 Push (Con 0)
1722 066043 Store (Con 3) (Var Sp)
1723 066046 Jz (Var (Local 3)) (Branch T (Dloc 066052))
1724 066052 Je [Var (Local 1),Con 190] (Branch F (Dloc 066080))
1725 066080 Je [Var (Local 1),Var (Global 0)] (Branch F (Dloc 066112))
1726 066112 Jin (Con 114) (Var (Local 1)) (Branch F (Dloc 066126))
1727 066116 Test_attr (Con 114) (Con 7) (Branch T (Dloc 066126))
1728 066126 Test_attr (Var (Local 1)) (Con 3) (Branch F (Dloc 066164))
1729 066164 Jz (Var (Local 4)) (Branch F (Dloc 066173))
1730 066167 Push (Con 1)
1731 066170 Jump 066176
1732 066176 Store (Con 4) (Var Sp)
1733 066179 Jz (Var (Local 4)) (Branch T (Dloc 066229))
1734 066182 Jz (Var (Local 3)) (Branch F (Dloc 066229))
1735 066185 Call (Floc 066364) [] Sp
1736 066365 Get_parent (Con 114) Sp
1737 066368 Jin (Con 113) (Var Sp) (Branch F Dfalse)
1738 066190 Jz (Var (Local 1)) (Branch T (Dloc 066200))
1739 066193 Get_sibling (Var (Local 1)) (Local 1) (Branch F (Dloc 066200))
1740 066197 Jump 066204
1741 066204 Test_attr (Var (Local 1)) (Con 9) (Branch T (Dloc 066190))
1742 066209 Test_attr (Var (Local 1)) (Con 6) (Branch F (Dloc 066190))
1743 066214 Insert_obj (Con 114) (Var (Local 1))
1744 066217 Clear_attr (Con 114) (Con 2)
1745 066220 Set_attr (Con 114) (Con 7)
1746 066223 Store (Con 47) (Con 0)
1747 066226 Jump 066030
1748 066030 Test_attr (Con 114) (Con 7) (Branch T (Dloc 066040))
1749 066040 Push (Con 0)
1750 066043 Store (Con 3) (Var Sp)
1751 066046 Jz (Var (Local 3)) (Branch T (Dloc 066052))
1752 066052 Je [Var (Local 1),Con 190] (Branch F (Dloc 066080))
1753 066080 Je [Var (Local 1),Var (Global 0)] (Branch F (Dloc 066112))
1754 066112 Jin (Con 114) (Var (Local 1)) (Branch F (Dloc 066126))
1755 066116 Test_attr (Con 114) (Con 7) (Branch T (Dloc 066126))
1756 066126 Test_attr (Var (Local 1)) (Con 3) (Branch F (Dloc 066164))
1757 066164 Jz (Var (Local 4)) (Branch F (Dloc 066173))
1758 066173 Push (Con 0)
1759 066176 Store (Con 4) (Var Sp)
1760 066179 Jz (Var (Local 4)) (Branch T (Dloc 066229))
1761 066229 Je [Var (Local 1),Con 190] (Branch T (Dloc 066241))
1762 066233 Call (Floc 066244) [Var (Local 1)] Sp
1763 066253 Get_child (Con 114) (Local 2) (Branch T (Dloc 066257))
1764 066257 Jz (Var (Local 2)) (Branch F (Dloc 066262))
1765 066262 Get_sibling (Var (Local 2)) (Local 3) (Branch T (Dloc 066266))
1766 066266 Je [Var (Local 2),Con 113,Con 115] (Branch F (Dloc 066275))
1767 066272 Jump 066357
1768 066357 Store (Con 2) (Var (Local 3))
1769 066360 Jump 066257
1770 066257 Jz (Var (Local 2)) (Branch F (Dloc 066262))
1771 066262 Get_sibling (Var (Local 2)) (Local 3) (Branch T (Dloc 066266))
1772 066266 Je [Var (Local 2),Con 113,Con 115] (Branch F (Dloc 066275))
1773 066272 Jump 066357
1774 066357 Store (Con 2) (Var (Local 3))
1775 066360 Jump 066257
1776 066257 Jz (Var (Local 2)) (Branch F (Dloc 066262))
1777 066260 Ret (Var (Local 4))
1778 066239 Ret (Var (Local 5))
1779 021789 Jz (Var Sp) (Branch T (Dloc 021795))
1780 021795 Add (Var (Local 1)) (Con 6) (Local 1)
1781 021799 Jump 021736
1782 021736 Je [Var (Local 1),Var (Local 2)] (Branch F (Dloc 021751))
1783 021751 Loadw (Var (Local 1)) (Con 0) Sp
1784 021755 Jz (Var Sp) (Branch T (Dloc 021795))
1785 021795 Add (Var (Local 1)) (Con 6) (Local 1)
1786 021799 Jump 021736
1787 021736 Je [Var (Local 1),Var (Local 2)] (Branch F (Dloc 021751))
1788 021751 Loadw (Var (Local 1)) (Con 0) Sp
1789 021755 Jz (Var Sp) (Branch T (Dloc 021795))
1790 021758 Loadw (Var (Local 1)) (Con 1) (Local 3)
1791 021762 Jz (Var (Local 3)) (Branch F (Dloc 021768))
1792 021768 Sub (Var (Local 3)) (Con 1) Sp
1793 021772 Storew (Var (Local 1)) (Con 1) (Var Sp)
1794 021777 Jg (Var (Local 3)) (Con 1) (Branch T (Dloc 021795))
1795 021781 Loadw (Var (Local 1)) (Con 2) Sp
1796 021785 Call (Fvar Sp) [] Sp
1797 065581 Loadw (Var (Global 3)) (Con 0) (Local 2)
1798 065585 Jz (Var (Global 62)) (Branch F Dfalse)
1799 065588 Store (Con 3) (Con 0)
1800 065591 Inc (Con 3)
1801 065593 Je [Var (Local 3),Var (Local 2)] (Branch F (Dloc 065600))
1802 065600 Loadw (Var (Global 3)) (Var (Local 3)) (Local 4)
1803 065604 Loadw (Var (Local 4)) (Con 0) (Local 5)
1804 065608 Jin (Var (Local 5)) (Var (Global 0)) (Branch F (Dloc 065703))
1805 065703 Test_attr (Var (Local 5)) (Con 2) (Branch F (Dloc 065716))
1806 065716 Je [Var (Local 5),Con 114] (Branch F (Dloc 065723))
1807 065723 Clear_attr (Var (Global 111)) (Con 1)
1808 065726 Clear_attr (Var (Local 5)) (Con 1)
1809 065729 Clear_attr (Var (Local 5)) (Con 2)
1810 065732 Call (Floc 065752) [Var (Local 5)] Sp
1811 065757 Get_prop (Var (Local 1)) (Con 7) (Local 2)
1812 065761 Jl (Var (Local 2)) (Con 0) (Branch F Dtrue)
1813 065738 Jump 065591
1814 065591 Inc (Con 3)
1815 065593 Je [Var (Local 3),Var (Local 2)] (Branch F (Dloc 065600))
1816 065600 Loadw (Var (Global 3)) (Var (Local 3)) (Local 4)
1817 065604 Loadw (Var (Local 4)) (Con 0) (Local 5)
1818 065608 Jin (Var (Local 5)) (Var (Global 0)) (Branch F (Dloc 065703))
1819 065703 Test_attr (Var (Local 5)) (Con 2) (Branch F (Dloc 065716))
1820 065716 Je [Var (Local 5),Con 114] (Branch F (Dloc 065723))
1821 065720 Store (Con 46) (Con 0)
1822 065723 Clear_attr (Var (Global 111)) (Con 1)
1823 065726 Clear_attr (Var (Local 5)) (Con 1)
1824 065729 Clear_attr (Var (Local 5)) (Con 2)
1825 065732 Call (Floc 065752) [Var (Local 5)] Sp
1826 065757 Get_prop (Var (Local 1)) (Con 7) (Local 2)
1827 065761 Jl (Var (Local 2)) (Con 0) (Branch F Dtrue)
1828 065738 Jump 065591
1829 065591 Inc (Con 3)
1830 065593 Je [Var (Local 3),Var (Local 2)] (Branch F (Dloc 065600))
1831 065597 Jump 065741
1832 065741 Jz (Var (Local 1)) (Branch T Dfalse)
1833 021789 Jz (Var Sp) (Branch T (Dloc 021795))
1834 021795 Add (Var (Local 1)) (Con 6) (Local 1)
1835 021799 Jump 021736
1836 021736 Je [Var (Local 1),Var (Local 2)] (Branch F (Dloc 021751))
1837 021740 Inc_chk (Con 18) (Con 999) (Branch F (Dloc 021749))
1838 021749 Ret (Var (Local 4))
1839 022393 Jump 021823
1840 021823 Store (Con 4) (Con 0)
1841 021826 Store (Con 5) (Con 0)
1842 021829 Store (Con 8) (Con 1)
1843 021832 Call (Floc 022656) [] (Global 127)
1844 022679 Inc_chk (Con 11) (Con 9) (Branch F (Dloc 022686))
1845 022686 Storew (Var (Global 100)) (Var (Local 11)) (Con 0)
1846 022691 Jump 022679
1847 022679 Inc_chk (Con 11) (Con 9) (Branch F (Dloc 022686))
1848 022686 Storew (Var (Global 100)) (Var (Local 11)) (Con 0)
1849 022691 Jump 022679
1850 022679 Inc_chk (Con 11) (Con 9) (Branch F (Dloc 022686))
1851 022686 Storew (Var (Global 100)) (Var (Local 11)) (Con 0)
1852 022691 Jump 022679
1853 022679 Inc_chk (Con 11) (Con 9) (Branch F (Dloc 022686))
1854 022686 Storew (Var (Global 100)) (Var (Local 11)) (Con 0)
1855 022691 Jump 022679
1856 022679 Inc_chk (Con 11) (Con 9) (Branch F (Dloc 022686))
1857 022686 Storew (Var (Global 100)) (Var (Local 11)) (Con 0)
1858 022691 Jump 022679
1859 022679 Inc_chk (Con 11) (Con 9) (Branch F (Dloc 022686))
1860 022686 Storew (Var (Global 100)) (Var (Local 11)) (Con 0)
1861 022691 Jump 022679
1862 022679 Inc_chk (Con 11) (Con 9) (Branch F (Dloc 022686))
1863 022686 Storew (Var (Global 100)) (Var (Local 11)) (Con 0)
1864 022691 Jump 022679
1865 022679 Inc_chk (Con 11) (Con 9) (Branch F (Dloc 022686))
1866 022686 Storew (Var (Global 100)) (Var (Local 11)) (Con 0)
1867 022691 Jump 022679
1868 022679 Inc_chk (Con 11) (Con 9) (Branch F (Dloc 022686))
1869 022686 Storew (Var (Global 100)) (Var (Local 11)) (Con 0)
1870 022691 Jump 022679
1871 022679 Inc_chk (Con 11) (Con 9) (Branch F (Dloc 022686))
1872 022686 Storew (Var (Global 100)) (Var (Local 11)) (Con 0)
1873 022691 Jump 022679
1874 022679 Inc_chk (Con 11) (Con 9) (Branch F (Dloc 022686))
1875 022683 Jump 022694
1876 022694 Store (Con 104) (Con 0)
1877 022697 Store (Con 120) (Con 0)
1878 022700 Storew (Var (Global 86)) (Var (Global 81)) (Con 0)
1879 022705 Storew (Var (Global 85)) (Var (Global 81)) (Con 0)
1880 022710 Storew (Var (Global 84)) (Var (Global 81)) (Con 0)
1881 022715 Jz (Var (Global 96)) (Branch F (Dloc 022741))
1882 022718 Je [Var (Global 111),Var (Global 128)] (Branch T (Dloc 022741))
1883 022741 Jz (Var (Global 108)) (Branch T (Dloc 022765))
1884 022765 Store (Con 127) (Var (Global 128))
1885 022768 Store (Con 112) (Con 0)
1886 022771 Get_parent (Var (Global 111)) Sp
1887 022774 Test_attr (Var Sp) (Con 27) (Branch T (Dloc 022781))
1888 022778 Get_parent (Var (Global 111)) (Global 0)
1889 022781 Call (Floc 027746) [Var (Global 0)] (Global 66)
1890 027755 Jz (Var (Global 72)) (Branch T (Dloc 027762))
1891 027762 Store (Con 107) (Con 20)
1892 027765 Store (Con 3) (Var (Global 0))
1893 027768 Store (Con 16) (Var (Local 1))
1894 027771 Jz (Var (Local 2)) (Branch T (Dloc 027784))
1895 027774 Test_attr (Var (Local 1)) (Con 20) (Branch F (Dloc 027784))
1896 027778 Store (Con 4) (Con 1)
1897 027781 Jump 027844
1898 027844 Store (Con 16) (Var (Local 3))
1899 027847 Store (Con 107) (Con 0)
1900 027850 Ret (Var (Local 4))
1901 022787 Jz (Var (Global 70)) (Branch F (Dloc 022791))
1902 022790 New_line
1903 022791 Print ">"
1904 022796 Sread (Var (Global 109)) (Var (Global 110))

[executed: 801 instructions]
(Taken)
"WELCOME TO ZORK!

ZORK is a game of adventure, danger, and low cunning. In it you will explore some of the most amazing territory ever seen by mortals. No computer should be without one!"


>